2026-02-02 09:25:15,272 [Worker-5: Loading available Gradle versions] INFO  o.e.b.c.i.u.g.PublishedGradleVersions - Gradle version information cache is not available. Remote download required.
2026-02-02 09:26:05,247 [Worker-14: Launching mavenrun-25dc4dad-60a1-450d-8d2a-27da7674104d] INFO  o.eclipse.m2e.core.internal.Bundles - getClasspathEntries(Bundle=org.eclipse.m2e.maven.runtime_3.9.900.20250220-2013 [637])
2026-02-02 09:26:05,249 [Worker-14: Launching mavenrun-25dc4dad-60a1-450d-8d2a-27da7674104d] INFO  o.eclipse.m2e.core.internal.Bundles - 	Entry: C:\Users\dell\.p2\pool\plugins\org.eclipse.m2e.maven.runtime_3.9.900.20250220-2013
2026-02-02 09:26:05,249 [Worker-14: Launching mavenrun-25dc4dad-60a1-450d-8d2a-27da7674104d] INFO  o.eclipse.m2e.core.internal.Bundles - 	Entry: C:\Users\dell\.p2\pool\plugins\org.eclipse.m2e.maven.runtime_3.9.900.20250220-2013\jars\aopalliance-1.0.jar
2026-02-02 09:26:05,250 [Worker-14: Launching mavenrun-25dc4dad-60a1-450d-8d2a-27da7674104d] INFO  o.eclipse.m2e.core.internal.Bundles - 	Entry: C:\Users\dell\.p2\pool\plugins\org.eclipse.m2e.maven.runtime_3.9.900.20250220-2013\jars\guice-5.1.0.jar
2026-02-02 09:26:05,250 [Worker-14: Launching mavenrun-25dc4dad-60a1-450d-8d2a-27da7674104d] INFO  o.eclipse.m2e.core.internal.Bundles - 	Entry: C:\Users\dell\.p2\pool\plugins\org.eclipse.m2e.maven.runtime_3.9.900.20250220-2013\jars\httpclient-4.5.14.jar
2026-02-02 09:26:05,250 [Worker-14: Launching mavenrun-25dc4dad-60a1-450d-8d2a-27da7674104d] INFO  o.eclipse.m2e.core.internal.Bundles - 	Entry: C:\Users\dell\.p2\pool\plugins\org.eclipse.m2e.maven.runtime_3.9.900.20250220-2013\jars\httpcore-4.4.16.jar
2026-02-02 09:26:05,250 [Worker-14: Launching mavenrun-25dc4dad-60a1-450d-8d2a-27da7674104d] INFO  o.eclipse.m2e.core.internal.Bundles - 	Entry: C:\Users\dell\.p2\pool\plugins\org.eclipse.m2e.maven.runtime_3.9.900.20250220-2013\jars\jansi-2.4.1.jar
2026-02-02 09:26:05,250 [Worker-14: Launching mavenrun-25dc4dad-60a1-450d-8d2a-27da7674104d] INFO  o.eclipse.m2e.core.internal.Bundles - 	Entry: C:\Users\dell\.p2\pool\plugins\org.eclipse.m2e.maven.runtime_3.9.900.20250220-2013\jars\jcl-over-slf4j-1.7.36.jar
2026-02-02 09:26:05,250 [Worker-14: Launching mavenrun-25dc4dad-60a1-450d-8d2a-27da7674104d] INFO  o.eclipse.m2e.core.internal.Bundles - 	Entry: C:\Users\dell\.p2\pool\plugins\org.eclipse.m2e.maven.runtime_3.9.900.20250220-2013\jars\maven-artifact-3.9.9.jar
2026-02-02 09:26:05,251 [Worker-14: Launching mavenrun-25dc4dad-60a1-450d-8d2a-27da7674104d] INFO  o.eclipse.m2e.core.internal.Bundles - 	Entry: C:\Users\dell\.p2\pool\plugins\org.eclipse.m2e.maven.runtime_3.9.900.20250220-2013\jars\maven-builder-support-3.9.9.jar
2026-02-02 09:26:05,251 [Worker-14: Launching mavenrun-25dc4dad-60a1-450d-8d2a-27da7674104d] INFO  o.eclipse.m2e.core.internal.Bundles - 	Entry: C:\Users\dell\.p2\pool\plugins\org.eclipse.m2e.maven.runtime_3.9.900.20250220-2013\jars\maven-compat-3.9.9.jar
2026-02-02 09:26:05,251 [Worker-14: Launching mavenrun-25dc4dad-60a1-450d-8d2a-27da7674104d] INFO  o.eclipse.m2e.core.internal.Bundles - 	Entry: C:\Users\dell\.p2\pool\plugins\org.eclipse.m2e.maven.runtime_3.9.900.20250220-2013\jars\maven-core-3.9.9.jar
2026-02-02 09:26:05,251 [Worker-14: Launching mavenrun-25dc4dad-60a1-450d-8d2a-27da7674104d] INFO  o.eclipse.m2e.core.internal.Bundles - 	Entry: C:\Users\dell\.p2\pool\plugins\org.eclipse.m2e.maven.runtime_3.9.900.20250220-2013\jars\maven-embedder-3.9.9.jar
2026-02-02 09:26:05,251 [Worker-14: Launching mavenrun-25dc4dad-60a1-450d-8d2a-27da7674104d] INFO  o.eclipse.m2e.core.internal.Bundles - 	Entry: C:\Users\dell\.p2\pool\plugins\org.eclipse.m2e.maven.runtime_3.9.900.20250220-2013\jars\maven-model-3.9.9.jar
2026-02-02 09:26:05,251 [Worker-14: Launching mavenrun-25dc4dad-60a1-450d-8d2a-27da7674104d] INFO  o.eclipse.m2e.core.internal.Bundles - 	Entry: C:\Users\dell\.p2\pool\plugins\org.eclipse.m2e.maven.runtime_3.9.900.20250220-2013\jars\maven-model-builder-3.9.9.jar
2026-02-02 09:26:05,251 [Worker-14: Launching mavenrun-25dc4dad-60a1-450d-8d2a-27da7674104d] INFO  o.eclipse.m2e.core.internal.Bundles - 	Entry: C:\Users\dell\.p2\pool\plugins\org.eclipse.m2e.maven.runtime_3.9.900.20250220-2013\jars\maven-plugin-api-3.9.9.jar
2026-02-02 09:26:05,252 [Worker-14: Launching mavenrun-25dc4dad-60a1-450d-8d2a-27da7674104d] INFO  o.eclipse.m2e.core.internal.Bundles - 	Entry: C:\Users\dell\.p2\pool\plugins\org.eclipse.m2e.maven.runtime_3.9.900.20250220-2013\jars\maven-repository-metadata-3.9.9.jar
2026-02-02 09:26:05,252 [Worker-14: Launching mavenrun-25dc4dad-60a1-450d-8d2a-27da7674104d] INFO  o.eclipse.m2e.core.internal.Bundles - 	Entry: C:\Users\dell\.p2\pool\plugins\org.eclipse.m2e.maven.runtime_3.9.900.20250220-2013\jars\maven-resolver-api-1.9.22.jar
2026-02-02 09:26:05,252 [Worker-14: Launching mavenrun-25dc4dad-60a1-450d-8d2a-27da7674104d] INFO  o.eclipse.m2e.core.internal.Bundles - 	Entry: C:\Users\dell\.p2\pool\plugins\org.eclipse.m2e.maven.runtime_3.9.900.20250220-2013\jars\maven-resolver-connector-basic-1.9.22.jar
2026-02-02 09:26:05,252 [Worker-14: Launching mavenrun-25dc4dad-60a1-450d-8d2a-27da7674104d] INFO  o.eclipse.m2e.core.internal.Bundles - 	Entry: C:\Users\dell\.p2\pool\plugins\org.eclipse.m2e.maven.runtime_3.9.900.20250220-2013\jars\maven-resolver-impl-1.9.22.jar
2026-02-02 09:26:05,252 [Worker-14: Launching mavenrun-25dc4dad-60a1-450d-8d2a-27da7674104d] INFO  o.eclipse.m2e.core.internal.Bundles - 	Entry: C:\Users\dell\.p2\pool\plugins\org.eclipse.m2e.maven.runtime_3.9.900.20250220-2013\jars\maven-resolver-named-locks-1.9.22.jar
2026-02-02 09:26:05,253 [Worker-14: Launching mavenrun-25dc4dad-60a1-450d-8d2a-27da7674104d] INFO  o.eclipse.m2e.core.internal.Bundles - 	Entry: C:\Users\dell\.p2\pool\plugins\org.eclipse.m2e.maven.runtime_3.9.900.20250220-2013\jars\maven-resolver-provider-3.9.9.jar
2026-02-02 09:26:05,253 [Worker-14: Launching mavenrun-25dc4dad-60a1-450d-8d2a-27da7674104d] INFO  o.eclipse.m2e.core.internal.Bundles - 	Entry: C:\Users\dell\.p2\pool\plugins\org.eclipse.m2e.maven.runtime_3.9.900.20250220-2013\jars\maven-resolver-spi-1.9.22.jar
2026-02-02 09:26:05,253 [Worker-14: Launching mavenrun-25dc4dad-60a1-450d-8d2a-27da7674104d] INFO  o.eclipse.m2e.core.internal.Bundles - 	Entry: C:\Users\dell\.p2\pool\plugins\org.eclipse.m2e.maven.runtime_3.9.900.20250220-2013\jars\maven-resolver-transport-file-1.9.22.jar
2026-02-02 09:26:05,253 [Worker-14: Launching mavenrun-25dc4dad-60a1-450d-8d2a-27da7674104d] INFO  o.eclipse.m2e.core.internal.Bundles - 	Entry: C:\Users\dell\.p2\pool\plugins\org.eclipse.m2e.maven.runtime_3.9.900.20250220-2013\jars\maven-resolver-transport-http-1.9.22.jar
2026-02-02 09:26:05,253 [Worker-14: Launching mavenrun-25dc4dad-60a1-450d-8d2a-27da7674104d] INFO  o.eclipse.m2e.core.internal.Bundles - 	Entry: C:\Users\dell\.p2\pool\plugins\org.eclipse.m2e.maven.runtime_3.9.900.20250220-2013\jars\maven-resolver-transport-wagon-1.9.22.jar
2026-02-02 09:26:05,253 [Worker-14: Launching mavenrun-25dc4dad-60a1-450d-8d2a-27da7674104d] INFO  o.eclipse.m2e.core.internal.Bundles - 	Entry: C:\Users\dell\.p2\pool\plugins\org.eclipse.m2e.maven.runtime_3.9.900.20250220-2013\jars\maven-resolver-util-1.9.22.jar
2026-02-02 09:26:05,253 [Worker-14: Launching mavenrun-25dc4dad-60a1-450d-8d2a-27da7674104d] INFO  o.eclipse.m2e.core.internal.Bundles - 	Entry: C:\Users\dell\.p2\pool\plugins\org.eclipse.m2e.maven.runtime_3.9.900.20250220-2013\jars\maven-settings-3.9.9.jar
2026-02-02 09:26:05,253 [Worker-14: Launching mavenrun-25dc4dad-60a1-450d-8d2a-27da7674104d] INFO  o.eclipse.m2e.core.internal.Bundles - 	Entry: C:\Users\dell\.p2\pool\plugins\org.eclipse.m2e.maven.runtime_3.9.900.20250220-2013\jars\maven-settings-builder-3.9.9.jar
2026-02-02 09:26:05,253 [Worker-14: Launching mavenrun-25dc4dad-60a1-450d-8d2a-27da7674104d] INFO  o.eclipse.m2e.core.internal.Bundles - 	Entry: C:\Users\dell\.p2\pool\plugins\org.eclipse.m2e.maven.runtime_3.9.900.20250220-2013\jars\maven-shared-utils-3.4.2.jar
2026-02-02 09:26:05,255 [Worker-14: Launching mavenrun-25dc4dad-60a1-450d-8d2a-27da7674104d] INFO  o.eclipse.m2e.core.internal.Bundles - 	Entry: C:\Users\dell\.p2\pool\plugins\org.eclipse.m2e.maven.runtime_3.9.900.20250220-2013\jars\org.eclipse.sisu.inject-0.9.0.M3.jar
2026-02-02 09:26:05,255 [Worker-14: Launching mavenrun-25dc4dad-60a1-450d-8d2a-27da7674104d] INFO  o.eclipse.m2e.core.internal.Bundles - 	Entry: C:\Users\dell\.p2\pool\plugins\org.eclipse.m2e.maven.runtime_3.9.900.20250220-2013\jars\org.eclipse.sisu.plexus-0.9.0.M3.jar
2026-02-02 09:26:05,255 [Worker-14: Launching mavenrun-25dc4dad-60a1-450d-8d2a-27da7674104d] INFO  o.eclipse.m2e.core.internal.Bundles - 	Entry: C:\Users\dell\.p2\pool\plugins\org.eclipse.m2e.maven.runtime_3.9.900.20250220-2013\jars\plexus-build-api-0.0.7.jar
2026-02-02 09:26:05,255 [Worker-14: Launching mavenrun-25dc4dad-60a1-450d-8d2a-27da7674104d] INFO  o.eclipse.m2e.core.internal.Bundles - 	Entry: C:\Users\dell\.p2\pool\plugins\org.eclipse.m2e.maven.runtime_3.9.900.20250220-2013\jars\plexus-build-api-1.2.0.jar
2026-02-02 09:26:05,255 [Worker-14: Launching mavenrun-25dc4dad-60a1-450d-8d2a-27da7674104d] INFO  o.eclipse.m2e.core.internal.Bundles - 	Entry: C:\Users\dell\.p2\pool\plugins\org.eclipse.m2e.maven.runtime_3.9.900.20250220-2013\jars\plexus-cipher-2.0.jar
2026-02-02 09:26:05,255 [Worker-14: Launching mavenrun-25dc4dad-60a1-450d-8d2a-27da7674104d] INFO  o.eclipse.m2e.core.internal.Bundles - 	Entry: C:\Users\dell\.p2\pool\plugins\org.eclipse.m2e.maven.runtime_3.9.900.20250220-2013\jars\plexus-classworlds-2.8.0.jar
2026-02-02 09:26:05,256 [Worker-14: Launching mavenrun-25dc4dad-60a1-450d-8d2a-27da7674104d] INFO  o.eclipse.m2e.core.internal.Bundles - 	Entry: C:\Users\dell\.p2\pool\plugins\org.eclipse.m2e.maven.runtime_3.9.900.20250220-2013\jars\plexus-component-annotations-2.1.0.jar
2026-02-02 09:26:05,256 [Worker-14: Launching mavenrun-25dc4dad-60a1-450d-8d2a-27da7674104d] INFO  o.eclipse.m2e.core.internal.Bundles - 	Entry: C:\Users\dell\.p2\pool\plugins\org.eclipse.m2e.maven.runtime_3.9.900.20250220-2013\jars\plexus-interpolation-1.27.jar
2026-02-02 09:26:05,256 [Worker-14: Launching mavenrun-25dc4dad-60a1-450d-8d2a-27da7674104d] INFO  o.eclipse.m2e.core.internal.Bundles - 	Entry: C:\Users\dell\.p2\pool\plugins\org.eclipse.m2e.maven.runtime_3.9.900.20250220-2013\jars\plexus-sec-dispatcher-2.0.jar
2026-02-02 09:26:05,256 [Worker-14: Launching mavenrun-25dc4dad-60a1-450d-8d2a-27da7674104d] INFO  o.eclipse.m2e.core.internal.Bundles - 	Entry: C:\Users\dell\.p2\pool\plugins\org.eclipse.m2e.maven.runtime_3.9.900.20250220-2013\jars\plexus-utils-3.5.1.jar
2026-02-02 09:26:05,256 [Worker-14: Launching mavenrun-25dc4dad-60a1-450d-8d2a-27da7674104d] INFO  o.eclipse.m2e.core.internal.Bundles - 	Entry: C:\Users\dell\.p2\pool\plugins\org.eclipse.m2e.maven.runtime_3.9.900.20250220-2013\jars\plexus-xml-3.0.1.jar
2026-02-02 09:26:05,256 [Worker-14: Launching mavenrun-25dc4dad-60a1-450d-8d2a-27da7674104d] INFO  o.eclipse.m2e.core.internal.Bundles - 	Entry: C:\Users\dell\.p2\pool\plugins\org.eclipse.m2e.maven.runtime_3.9.900.20250220-2013\jars\wagon-file-3.5.3.jar
2026-02-02 09:26:05,256 [Worker-14: Launching mavenrun-25dc4dad-60a1-450d-8d2a-27da7674104d] INFO  o.eclipse.m2e.core.internal.Bundles - 	Entry: C:\Users\dell\.p2\pool\plugins\org.eclipse.m2e.maven.runtime_3.9.900.20250220-2013\jars\wagon-http-3.5.3.jar
2026-02-02 09:26:05,256 [Worker-14: Launching mavenrun-25dc4dad-60a1-450d-8d2a-27da7674104d] INFO  o.eclipse.m2e.core.internal.Bundles - 	Entry: C:\Users\dell\.p2\pool\plugins\org.eclipse.m2e.maven.runtime_3.9.900.20250220-2013\jars\wagon-http-shared-3.5.3.jar
2026-02-02 09:26:05,257 [Worker-14: Launching mavenrun-25dc4dad-60a1-450d-8d2a-27da7674104d] INFO  o.eclipse.m2e.core.internal.Bundles - 	Entry: C:\Users\dell\.p2\pool\plugins\org.eclipse.m2e.maven.runtime_3.9.900.20250220-2013\jars\wagon-provider-api-3.5.3.jar
2026-02-02 09:26:05,258 [Worker-14: Launching mavenrun-25dc4dad-60a1-450d-8d2a-27da7674104d] INFO  o.eclipse.m2e.core.internal.Bundles - getClasspathEntries(Bundle=com.google.guava_33.4.0.jre [16])
2026-02-02 09:26:05,258 [Worker-14: Launching mavenrun-25dc4dad-60a1-450d-8d2a-27da7674104d] INFO  o.eclipse.m2e.core.internal.Bundles - 	Entry: C:\Users\dell\.p2\pool\plugins\com.google.guava_33.4.0.jre.jar
2026-02-02 09:26:05,259 [Worker-14: Launching mavenrun-25dc4dad-60a1-450d-8d2a-27da7674104d] INFO  o.eclipse.m2e.core.internal.Bundles - getClasspathEntries(Bundle=slf4j.api_2.0.17 [1001])
2026-02-02 09:26:05,259 [Worker-14: Launching mavenrun-25dc4dad-60a1-450d-8d2a-27da7674104d] INFO  o.eclipse.m2e.core.internal.Bundles - 	Entry: C:\Users\dell\.p2\pool\plugins\slf4j.api_2.0.17.jar
2026-02-02 09:26:05,259 [Worker-14: Launching mavenrun-25dc4dad-60a1-450d-8d2a-27da7674104d] INFO  o.eclipse.m2e.core.internal.Bundles - getClasspathEntries(Bundle=javax.inject_1.0.0.v20220405-0441 [1010])
2026-02-02 09:26:05,259 [Worker-14: Launching mavenrun-25dc4dad-60a1-450d-8d2a-27da7674104d] INFO  o.eclipse.m2e.core.internal.Bundles - 	Entry: C:\Users\dell\.p2\pool\plugins\javax.inject_1.0.0.v20220405-0441.jar
2026-02-02 09:26:05,259 [Worker-14: Launching mavenrun-25dc4dad-60a1-450d-8d2a-27da7674104d] INFO  o.eclipse.m2e.core.internal.Bundles - getClasspathEntries(Bundle=javax.annotation_1.3.5.v20230504-0748 [1009])
2026-02-02 09:26:05,260 [Worker-14: Launching mavenrun-25dc4dad-60a1-450d-8d2a-27da7674104d] INFO  o.eclipse.m2e.core.internal.Bundles - 	Entry: C:\Users\dell\.p2\pool\plugins\javax.annotation_1.3.5.v20230504-0748.jar
2026-02-02 09:26:05,260 [Worker-14: Launching mavenrun-25dc4dad-60a1-450d-8d2a-27da7674104d] INFO  o.eclipse.m2e.core.internal.Bundles - getClasspathEntries(Bundle=org.apache.commons.cli_1.9.0 [74])
2026-02-02 09:26:05,260 [Worker-14: Launching mavenrun-25dc4dad-60a1-450d-8d2a-27da7674104d] INFO  o.eclipse.m2e.core.internal.Bundles - 	Entry: C:\Users\dell\.p2\pool\plugins\org.apache.commons.cli_1.9.0.jar
2026-02-02 09:26:05,260 [Worker-14: Launching mavenrun-25dc4dad-60a1-450d-8d2a-27da7674104d] INFO  o.eclipse.m2e.core.internal.Bundles - getClasspathEntries(Bundle=org.apache.commons.commons-codec_1.16.0 [76])
2026-02-02 09:26:05,261 [Worker-14: Launching mavenrun-25dc4dad-60a1-450d-8d2a-27da7674104d] INFO  o.eclipse.m2e.core.internal.Bundles - 	Entry: C:\Users\dell\.p2\pool\plugins\org.apache.commons.commons-codec_1.16.0.jar
2026-02-02 09:26:05,261 [Worker-14: Launching mavenrun-25dc4dad-60a1-450d-8d2a-27da7674104d] INFO  o.eclipse.m2e.core.internal.Bundles - getClasspathEntries(Bundle=com.google.guava.failureaccess_1.0.2 [17])
2026-02-02 09:26:05,261 [Worker-14: Launching mavenrun-25dc4dad-60a1-450d-8d2a-27da7674104d] INFO  o.eclipse.m2e.core.internal.Bundles - 	Entry: C:\Users\dell\.p2\pool\plugins\com.google.guava.failureaccess_1.0.2.jar
2026-02-02 09:26:05,264 [Worker-14: Launching mavenrun-25dc4dad-60a1-450d-8d2a-27da7674104d] INFO  o.e.m.i.launch.MavenLaunchDelegate - Run build in "C:\Users\dell\AppData\Local\Temp\m2e-archetypeGenerator1880451858248022161":
2026-02-02 09:26:05,269 [Worker-14: Launching mavenrun-25dc4dad-60a1-450d-8d2a-27da7674104d] INFO  o.e.m.i.launch.MavenLaunchDelegate -  mvn  -DarchetypeGroupId=de.bripkens -DarchetypeArtifactId=java-quickstart -DarchetypeVersion=0.2.0 -DgroupId=mphasis -DartifactId=SpringAop1 -Dversion=0.0.1-SNAPSHOT -Dpackage=com.java.aop -DoutputDirectory=D:\Mphasis\aopexamples -B -Dstyle.color=always -U archetype:generate
2026-02-02 09:26:20,686 [Worker-6: Creating java-quickstart] INFO  o.e.m.c.i.p.ProjectConfigurationManager - Collecting project info '/pom.xml' D:\Mphasis\aopexamples\SpringAop1\pom.xml
2026-02-02 09:26:32,219 [Worker-6: Creating java-quickstart] INFO  o.e.m.c.i.l.LifecycleMappingFactory - Using org.eclipse.m2e.jdt.JarLifecycleMapping lifecycle mapping for MavenProject: mphasis:SpringAop1:0.0.1-SNAPSHOT @ D:\Mphasis\aopexamples\SpringAop1\pom.xml.
2026-02-02 09:26:35,163 [Worker-6: Creating java-quickstart] INFO  o.e.m.j.i.AbstractJavaProjectConfigurator - Adding source folder /SpringAop1/src/main/java
2026-02-02 09:26:35,166 [Worker-6: Creating java-quickstart] INFO  o.e.m.j.i.AbstractJavaProjectConfigurator - Adding resource folder /SpringAop1/src/main/resources
2026-02-02 09:26:35,177 [Worker-6: Creating java-quickstart] INFO  o.e.m.j.i.AbstractJavaProjectConfigurator - Adding source folder /SpringAop1/src/test/java
2026-02-02 09:26:35,180 [Worker-6: Creating java-quickstart] INFO  o.e.m.j.i.AbstractJavaProjectConfigurator - Adding resource folder /SpringAop1/src/test/resources
2026-02-02 09:26:37,070 [Worker-6: Creating java-quickstart] INFO  o.e.m.c.i.p.ProjectConfigurationManager - Imported and configured 1 project(s) in 16 sec
2026-02-02 09:26:39,416 [Worker-13: Building] INFO  o.a.m.s.f.DefaultMavenResourcesFiltering - skip non existing resourceDirectory D:\Mphasis\aopexamples\SpringAop1\src\main\resources
2026-02-02 09:26:39,423 [Worker-13: Building] INFO  o.a.m.s.f.DefaultMavenResourcesFiltering - skip non existing resourceDirectory D:\Mphasis\aopexamples\SpringAop1\src\test\resources
2026-02-02 09:26:48,134 [Worker-2: Building] INFO  o.e.m.c.i.l.LifecycleMappingFactory - Using org.eclipse.m2e.jdt.JarLifecycleMapping lifecycle mapping for MavenProject: mphasis:SpringAop1:0.0.1-SNAPSHOT @ D:\Mphasis\aopexamples\SpringAop1\pom.xml.
2026-02-02 09:26:48,197 [Worker-2: Building] WARN  o.e.m.c.i.embedder.EclipseLogger - The artifact aspectj:aspectjrt:jar:1.5.4 has been relocated to org.aspectj:aspectjrt:jar:1.5.4
2026-02-02 09:26:49,073 [Worker-2: Building] INFO  o.a.m.s.f.DefaultMavenResourcesFiltering - skip non existing resourceDirectory D:\Mphasis\aopexamples\SpringAop1\src\main\resources
2026-02-02 09:26:49,078 [Worker-2: Building] INFO  o.a.m.s.f.DefaultMavenResourcesFiltering - skip non existing resourceDirectory D:\Mphasis\aopexamples\SpringAop1\src\test\resources
2026-02-02 09:26:50,670 [Worker-9: Building] INFO  o.a.m.s.f.DefaultMavenResourcesFiltering - skip non existing resourceDirectory D:\Mphasis\aopexamples\SpringAop1\src\main\resources
2026-02-02 09:26:50,674 [Worker-9: Building] INFO  o.a.m.s.f.DefaultMavenResourcesFiltering - skip non existing resourceDirectory D:\Mphasis\aopexamples\SpringAop1\src\test\resources
2026-02-02 09:27:18,833 [Worker-7: Building] INFO  o.a.m.s.f.DefaultMavenResourcesFiltering - skip non existing resourceDirectory D:\Mphasis\aopexamples\SpringAop1\src\main\resources
2026-02-02 09:27:18,837 [Worker-7: Building] INFO  o.a.m.s.f.DefaultMavenResourcesFiltering - skip non existing resourceDirectory D:\Mphasis\aopexamples\SpringAop1\src\test\resources
2026-02-02 09:28:30,474 [Worker-17: Launching mavenrun-72f14ebf-2c55-46f5-862c-6a0546d3bd8a] INFO  o.eclipse.m2e.core.internal.Bundles - getClasspathEntries(Bundle=org.eclipse.m2e.maven.runtime_3.9.900.20250220-2013 [637])
2026-02-02 09:28:30,475 [Worker-17: Launching mavenrun-72f14ebf-2c55-46f5-862c-6a0546d3bd8a] INFO  o.eclipse.m2e.core.internal.Bundles - 	Entry: C:\Users\dell\.p2\pool\plugins\org.eclipse.m2e.maven.runtime_3.9.900.20250220-2013
2026-02-02 09:28:30,475 [Worker-17: Launching mavenrun-72f14ebf-2c55-46f5-862c-6a0546d3bd8a] INFO  o.eclipse.m2e.core.internal.Bundles - 	Entry: C:\Users\dell\.p2\pool\plugins\org.eclipse.m2e.maven.runtime_3.9.900.20250220-2013\jars\aopalliance-1.0.jar
2026-02-02 09:28:30,476 [Worker-17: Launching mavenrun-72f14ebf-2c55-46f5-862c-6a0546d3bd8a] INFO  o.eclipse.m2e.core.internal.Bundles - 	Entry: C:\Users\dell\.p2\pool\plugins\org.eclipse.m2e.maven.runtime_3.9.900.20250220-2013\jars\guice-5.1.0.jar
2026-02-02 09:28:30,476 [Worker-17: Launching mavenrun-72f14ebf-2c55-46f5-862c-6a0546d3bd8a] INFO  o.eclipse.m2e.core.internal.Bundles - 	Entry: C:\Users\dell\.p2\pool\plugins\org.eclipse.m2e.maven.runtime_3.9.900.20250220-2013\jars\httpclient-4.5.14.jar
2026-02-02 09:28:30,476 [Worker-17: Launching mavenrun-72f14ebf-2c55-46f5-862c-6a0546d3bd8a] INFO  o.eclipse.m2e.core.internal.Bundles - 	Entry: C:\Users\dell\.p2\pool\plugins\org.eclipse.m2e.maven.runtime_3.9.900.20250220-2013\jars\httpcore-4.4.16.jar
2026-02-02 09:28:30,476 [Worker-17: Launching mavenrun-72f14ebf-2c55-46f5-862c-6a0546d3bd8a] INFO  o.eclipse.m2e.core.internal.Bundles - 	Entry: C:\Users\dell\.p2\pool\plugins\org.eclipse.m2e.maven.runtime_3.9.900.20250220-2013\jars\jansi-2.4.1.jar
2026-02-02 09:28:30,477 [Worker-17: Launching mavenrun-72f14ebf-2c55-46f5-862c-6a0546d3bd8a] INFO  o.eclipse.m2e.core.internal.Bundles - 	Entry: C:\Users\dell\.p2\pool\plugins\org.eclipse.m2e.maven.runtime_3.9.900.20250220-2013\jars\jcl-over-slf4j-1.7.36.jar
2026-02-02 09:28:30,477 [Worker-17: Launching mavenrun-72f14ebf-2c55-46f5-862c-6a0546d3bd8a] INFO  o.eclipse.m2e.core.internal.Bundles - 	Entry: C:\Users\dell\.p2\pool\plugins\org.eclipse.m2e.maven.runtime_3.9.900.20250220-2013\jars\maven-artifact-3.9.9.jar
2026-02-02 09:28:30,477 [Worker-17: Launching mavenrun-72f14ebf-2c55-46f5-862c-6a0546d3bd8a] INFO  o.eclipse.m2e.core.internal.Bundles - 	Entry: C:\Users\dell\.p2\pool\plugins\org.eclipse.m2e.maven.runtime_3.9.900.20250220-2013\jars\maven-builder-support-3.9.9.jar
2026-02-02 09:28:30,477 [Worker-17: Launching mavenrun-72f14ebf-2c55-46f5-862c-6a0546d3bd8a] INFO  o.eclipse.m2e.core.internal.Bundles - 	Entry: C:\Users\dell\.p2\pool\plugins\org.eclipse.m2e.maven.runtime_3.9.900.20250220-2013\jars\maven-compat-3.9.9.jar
2026-02-02 09:28:30,477 [Worker-17: Launching mavenrun-72f14ebf-2c55-46f5-862c-6a0546d3bd8a] INFO  o.eclipse.m2e.core.internal.Bundles - 	Entry: C:\Users\dell\.p2\pool\plugins\org.eclipse.m2e.maven.runtime_3.9.900.20250220-2013\jars\maven-core-3.9.9.jar
2026-02-02 09:28:30,478 [Worker-17: Launching mavenrun-72f14ebf-2c55-46f5-862c-6a0546d3bd8a] INFO  o.eclipse.m2e.core.internal.Bundles - 	Entry: C:\Users\dell\.p2\pool\plugins\org.eclipse.m2e.maven.runtime_3.9.900.20250220-2013\jars\maven-embedder-3.9.9.jar
2026-02-02 09:28:30,478 [Worker-17: Launching mavenrun-72f14ebf-2c55-46f5-862c-6a0546d3bd8a] INFO  o.eclipse.m2e.core.internal.Bundles - 	Entry: C:\Users\dell\.p2\pool\plugins\org.eclipse.m2e.maven.runtime_3.9.900.20250220-2013\jars\maven-model-3.9.9.jar
2026-02-02 09:28:30,478 [Worker-17: Launching mavenrun-72f14ebf-2c55-46f5-862c-6a0546d3bd8a] INFO  o.eclipse.m2e.core.internal.Bundles - 	Entry: C:\Users\dell\.p2\pool\plugins\org.eclipse.m2e.maven.runtime_3.9.900.20250220-2013\jars\maven-model-builder-3.9.9.jar
2026-02-02 09:28:30,478 [Worker-17: Launching mavenrun-72f14ebf-2c55-46f5-862c-6a0546d3bd8a] INFO  o.eclipse.m2e.core.internal.Bundles - 	Entry: C:\Users\dell\.p2\pool\plugins\org.eclipse.m2e.maven.runtime_3.9.900.20250220-2013\jars\maven-plugin-api-3.9.9.jar
2026-02-02 09:28:30,478 [Worker-17: Launching mavenrun-72f14ebf-2c55-46f5-862c-6a0546d3bd8a] INFO  o.eclipse.m2e.core.internal.Bundles - 	Entry: C:\Users\dell\.p2\pool\plugins\org.eclipse.m2e.maven.runtime_3.9.900.20250220-2013\jars\maven-repository-metadata-3.9.9.jar
2026-02-02 09:28:30,479 [Worker-17: Launching mavenrun-72f14ebf-2c55-46f5-862c-6a0546d3bd8a] INFO  o.eclipse.m2e.core.internal.Bundles - 	Entry: C:\Users\dell\.p2\pool\plugins\org.eclipse.m2e.maven.runtime_3.9.900.20250220-2013\jars\maven-resolver-api-1.9.22.jar
2026-02-02 09:28:30,479 [Worker-17: Launching mavenrun-72f14ebf-2c55-46f5-862c-6a0546d3bd8a] INFO  o.eclipse.m2e.core.internal.Bundles - 	Entry: C:\Users\dell\.p2\pool\plugins\org.eclipse.m2e.maven.runtime_3.9.900.20250220-2013\jars\maven-resolver-connector-basic-1.9.22.jar
2026-02-02 09:28:30,479 [Worker-17: Launching mavenrun-72f14ebf-2c55-46f5-862c-6a0546d3bd8a] INFO  o.eclipse.m2e.core.internal.Bundles - 	Entry: C:\Users\dell\.p2\pool\plugins\org.eclipse.m2e.maven.runtime_3.9.900.20250220-2013\jars\maven-resolver-impl-1.9.22.jar
2026-02-02 09:28:30,479 [Worker-17: Launching mavenrun-72f14ebf-2c55-46f5-862c-6a0546d3bd8a] INFO  o.eclipse.m2e.core.internal.Bundles - 	Entry: C:\Users\dell\.p2\pool\plugins\org.eclipse.m2e.maven.runtime_3.9.900.20250220-2013\jars\maven-resolver-named-locks-1.9.22.jar
2026-02-02 09:28:30,479 [Worker-17: Launching mavenrun-72f14ebf-2c55-46f5-862c-6a0546d3bd8a] INFO  o.eclipse.m2e.core.internal.Bundles - 	Entry: C:\Users\dell\.p2\pool\plugins\org.eclipse.m2e.maven.runtime_3.9.900.20250220-2013\jars\maven-resolver-provider-3.9.9.jar
2026-02-02 09:28:30,479 [Worker-17: Launching mavenrun-72f14ebf-2c55-46f5-862c-6a0546d3bd8a] INFO  o.eclipse.m2e.core.internal.Bundles - 	Entry: C:\Users\dell\.p2\pool\plugins\org.eclipse.m2e.maven.runtime_3.9.900.20250220-2013\jars\maven-resolver-spi-1.9.22.jar
2026-02-02 09:28:30,480 [Worker-17: Launching mavenrun-72f14ebf-2c55-46f5-862c-6a0546d3bd8a] INFO  o.eclipse.m2e.core.internal.Bundles - 	Entry: C:\Users\dell\.p2\pool\plugins\org.eclipse.m2e.maven.runtime_3.9.900.20250220-2013\jars\maven-resolver-transport-file-1.9.22.jar
2026-02-02 09:28:30,480 [Worker-17: Launching mavenrun-72f14ebf-2c55-46f5-862c-6a0546d3bd8a] INFO  o.eclipse.m2e.core.internal.Bundles - 	Entry: C:\Users\dell\.p2\pool\plugins\org.eclipse.m2e.maven.runtime_3.9.900.20250220-2013\jars\maven-resolver-transport-http-1.9.22.jar
2026-02-02 09:28:30,480 [Worker-17: Launching mavenrun-72f14ebf-2c55-46f5-862c-6a0546d3bd8a] INFO  o.eclipse.m2e.core.internal.Bundles - 	Entry: C:\Users\dell\.p2\pool\plugins\org.eclipse.m2e.maven.runtime_3.9.900.20250220-2013\jars\maven-resolver-transport-wagon-1.9.22.jar
2026-02-02 09:28:30,480 [Worker-17: Launching mavenrun-72f14ebf-2c55-46f5-862c-6a0546d3bd8a] INFO  o.eclipse.m2e.core.internal.Bundles - 	Entry: C:\Users\dell\.p2\pool\plugins\org.eclipse.m2e.maven.runtime_3.9.900.20250220-2013\jars\maven-resolver-util-1.9.22.jar
2026-02-02 09:28:30,481 [Worker-17: Launching mavenrun-72f14ebf-2c55-46f5-862c-6a0546d3bd8a] INFO  o.eclipse.m2e.core.internal.Bundles - 	Entry: C:\Users\dell\.p2\pool\plugins\org.eclipse.m2e.maven.runtime_3.9.900.20250220-2013\jars\maven-settings-3.9.9.jar
2026-02-02 09:28:30,481 [Worker-17: Launching mavenrun-72f14ebf-2c55-46f5-862c-6a0546d3bd8a] INFO  o.eclipse.m2e.core.internal.Bundles - 	Entry: C:\Users\dell\.p2\pool\plugins\org.eclipse.m2e.maven.runtime_3.9.900.20250220-2013\jars\maven-settings-builder-3.9.9.jar
2026-02-02 09:28:30,481 [Worker-17: Launching mavenrun-72f14ebf-2c55-46f5-862c-6a0546d3bd8a] INFO  o.eclipse.m2e.core.internal.Bundles - 	Entry: C:\Users\dell\.p2\pool\plugins\org.eclipse.m2e.maven.runtime_3.9.900.20250220-2013\jars\maven-shared-utils-3.4.2.jar
2026-02-02 09:28:30,481 [Worker-17: Launching mavenrun-72f14ebf-2c55-46f5-862c-6a0546d3bd8a] INFO  o.eclipse.m2e.core.internal.Bundles - 	Entry: C:\Users\dell\.p2\pool\plugins\org.eclipse.m2e.maven.runtime_3.9.900.20250220-2013\jars\org.eclipse.sisu.inject-0.9.0.M3.jar
2026-02-02 09:28:30,481 [Worker-17: Launching mavenrun-72f14ebf-2c55-46f5-862c-6a0546d3bd8a] INFO  o.eclipse.m2e.core.internal.Bundles - 	Entry: C:\Users\dell\.p2\pool\plugins\org.eclipse.m2e.maven.runtime_3.9.900.20250220-2013\jars\org.eclipse.sisu.plexus-0.9.0.M3.jar
2026-02-02 09:28:30,482 [Worker-17: Launching mavenrun-72f14ebf-2c55-46f5-862c-6a0546d3bd8a] INFO  o.eclipse.m2e.core.internal.Bundles - 	Entry: C:\Users\dell\.p2\pool\plugins\org.eclipse.m2e.maven.runtime_3.9.900.20250220-2013\jars\plexus-build-api-0.0.7.jar
2026-02-02 09:28:30,482 [Worker-17: Launching mavenrun-72f14ebf-2c55-46f5-862c-6a0546d3bd8a] INFO  o.eclipse.m2e.core.internal.Bundles - 	Entry: C:\Users\dell\.p2\pool\plugins\org.eclipse.m2e.maven.runtime_3.9.900.20250220-2013\jars\plexus-build-api-1.2.0.jar
2026-02-02 09:28:30,482 [Worker-17: Launching mavenrun-72f14ebf-2c55-46f5-862c-6a0546d3bd8a] INFO  o.eclipse.m2e.core.internal.Bundles - 	Entry: C:\Users\dell\.p2\pool\plugins\org.eclipse.m2e.maven.runtime_3.9.900.20250220-2013\jars\plexus-cipher-2.0.jar
2026-02-02 09:28:30,482 [Worker-17: Launching mavenrun-72f14ebf-2c55-46f5-862c-6a0546d3bd8a] INFO  o.eclipse.m2e.core.internal.Bundles - 	Entry: C:\Users\dell\.p2\pool\plugins\org.eclipse.m2e.maven.runtime_3.9.900.20250220-2013\jars\plexus-classworlds-2.8.0.jar
2026-02-02 09:28:30,482 [Worker-17: Launching mavenrun-72f14ebf-2c55-46f5-862c-6a0546d3bd8a] INFO  o.eclipse.m2e.core.internal.Bundles - 	Entry: C:\Users\dell\.p2\pool\plugins\org.eclipse.m2e.maven.runtime_3.9.900.20250220-2013\jars\plexus-component-annotations-2.1.0.jar
2026-02-02 09:28:30,483 [Worker-17: Launching mavenrun-72f14ebf-2c55-46f5-862c-6a0546d3bd8a] INFO  o.eclipse.m2e.core.internal.Bundles - 	Entry: C:\Users\dell\.p2\pool\plugins\org.eclipse.m2e.maven.runtime_3.9.900.20250220-2013\jars\plexus-interpolation-1.27.jar
2026-02-02 09:28:30,483 [Worker-17: Launching mavenrun-72f14ebf-2c55-46f5-862c-6a0546d3bd8a] INFO  o.eclipse.m2e.core.internal.Bundles - 	Entry: C:\Users\dell\.p2\pool\plugins\org.eclipse.m2e.maven.runtime_3.9.900.20250220-2013\jars\plexus-sec-dispatcher-2.0.jar
2026-02-02 09:28:30,483 [Worker-17: Launching mavenrun-72f14ebf-2c55-46f5-862c-6a0546d3bd8a] INFO  o.eclipse.m2e.core.internal.Bundles - 	Entry: C:\Users\dell\.p2\pool\plugins\org.eclipse.m2e.maven.runtime_3.9.900.20250220-2013\jars\plexus-utils-3.5.1.jar
2026-02-02 09:28:30,483 [Worker-17: Launching mavenrun-72f14ebf-2c55-46f5-862c-6a0546d3bd8a] INFO  o.eclipse.m2e.core.internal.Bundles - 	Entry: C:\Users\dell\.p2\pool\plugins\org.eclipse.m2e.maven.runtime_3.9.900.20250220-2013\jars\plexus-xml-3.0.1.jar
2026-02-02 09:28:30,483 [Worker-17: Launching mavenrun-72f14ebf-2c55-46f5-862c-6a0546d3bd8a] INFO  o.eclipse.m2e.core.internal.Bundles - 	Entry: C:\Users\dell\.p2\pool\plugins\org.eclipse.m2e.maven.runtime_3.9.900.20250220-2013\jars\wagon-file-3.5.3.jar
2026-02-02 09:28:30,484 [Worker-17: Launching mavenrun-72f14ebf-2c55-46f5-862c-6a0546d3bd8a] INFO  o.eclipse.m2e.core.internal.Bundles - 	Entry: C:\Users\dell\.p2\pool\plugins\org.eclipse.m2e.maven.runtime_3.9.900.20250220-2013\jars\wagon-http-3.5.3.jar
2026-02-02 09:28:30,484 [Worker-17: Launching mavenrun-72f14ebf-2c55-46f5-862c-6a0546d3bd8a] INFO  o.eclipse.m2e.core.internal.Bundles - 	Entry: C:\Users\dell\.p2\pool\plugins\org.eclipse.m2e.maven.runtime_3.9.900.20250220-2013\jars\wagon-http-shared-3.5.3.jar
2026-02-02 09:28:30,484 [Worker-17: Launching mavenrun-72f14ebf-2c55-46f5-862c-6a0546d3bd8a] INFO  o.eclipse.m2e.core.internal.Bundles - 	Entry: C:\Users\dell\.p2\pool\plugins\org.eclipse.m2e.maven.runtime_3.9.900.20250220-2013\jars\wagon-provider-api-3.5.3.jar
2026-02-02 09:28:30,484 [Worker-17: Launching mavenrun-72f14ebf-2c55-46f5-862c-6a0546d3bd8a] INFO  o.eclipse.m2e.core.internal.Bundles - getClasspathEntries(Bundle=com.google.guava_33.4.0.jre [16])
2026-02-02 09:28:30,486 [Worker-17: Launching mavenrun-72f14ebf-2c55-46f5-862c-6a0546d3bd8a] INFO  o.eclipse.m2e.core.internal.Bundles - 	Entry: C:\Users\dell\.p2\pool\plugins\com.google.guava_33.4.0.jre.jar
2026-02-02 09:28:30,486 [Worker-17: Launching mavenrun-72f14ebf-2c55-46f5-862c-6a0546d3bd8a] INFO  o.eclipse.m2e.core.internal.Bundles - getClasspathEntries(Bundle=slf4j.api_2.0.17 [1001])
2026-02-02 09:28:30,486 [Worker-17: Launching mavenrun-72f14ebf-2c55-46f5-862c-6a0546d3bd8a] INFO  o.eclipse.m2e.core.internal.Bundles - 	Entry: C:\Users\dell\.p2\pool\plugins\slf4j.api_2.0.17.jar
2026-02-02 09:28:30,486 [Worker-17: Launching mavenrun-72f14ebf-2c55-46f5-862c-6a0546d3bd8a] INFO  o.eclipse.m2e.core.internal.Bundles - getClasspathEntries(Bundle=javax.inject_1.0.0.v20220405-0441 [1010])
2026-02-02 09:28:30,487 [Worker-17: Launching mavenrun-72f14ebf-2c55-46f5-862c-6a0546d3bd8a] INFO  o.eclipse.m2e.core.internal.Bundles - 	Entry: C:\Users\dell\.p2\pool\plugins\javax.inject_1.0.0.v20220405-0441.jar
2026-02-02 09:28:30,487 [Worker-17: Launching mavenrun-72f14ebf-2c55-46f5-862c-6a0546d3bd8a] INFO  o.eclipse.m2e.core.internal.Bundles - getClasspathEntries(Bundle=javax.annotation_1.3.5.v20230504-0748 [1009])
2026-02-02 09:28:30,488 [Worker-17: Launching mavenrun-72f14ebf-2c55-46f5-862c-6a0546d3bd8a] INFO  o.eclipse.m2e.core.internal.Bundles - 	Entry: C:\Users\dell\.p2\pool\plugins\javax.annotation_1.3.5.v20230504-0748.jar
2026-02-02 09:28:30,488 [Worker-17: Launching mavenrun-72f14ebf-2c55-46f5-862c-6a0546d3bd8a] INFO  o.eclipse.m2e.core.internal.Bundles - getClasspathEntries(Bundle=org.apache.commons.cli_1.9.0 [74])
2026-02-02 09:28:30,488 [Worker-17: Launching mavenrun-72f14ebf-2c55-46f5-862c-6a0546d3bd8a] INFO  o.eclipse.m2e.core.internal.Bundles - 	Entry: C:\Users\dell\.p2\pool\plugins\org.apache.commons.cli_1.9.0.jar
2026-02-02 09:28:30,488 [Worker-17: Launching mavenrun-72f14ebf-2c55-46f5-862c-6a0546d3bd8a] INFO  o.eclipse.m2e.core.internal.Bundles - getClasspathEntries(Bundle=org.apache.commons.commons-codec_1.16.0 [76])
2026-02-02 09:28:30,489 [Worker-17: Launching mavenrun-72f14ebf-2c55-46f5-862c-6a0546d3bd8a] INFO  o.eclipse.m2e.core.internal.Bundles - 	Entry: C:\Users\dell\.p2\pool\plugins\org.apache.commons.commons-codec_1.16.0.jar
2026-02-02 09:28:30,489 [Worker-17: Launching mavenrun-72f14ebf-2c55-46f5-862c-6a0546d3bd8a] INFO  o.eclipse.m2e.core.internal.Bundles - getClasspathEntries(Bundle=com.google.guava.failureaccess_1.0.2 [17])
2026-02-02 09:28:30,489 [Worker-17: Launching mavenrun-72f14ebf-2c55-46f5-862c-6a0546d3bd8a] INFO  o.eclipse.m2e.core.internal.Bundles - 	Entry: C:\Users\dell\.p2\pool\plugins\com.google.guava.failureaccess_1.0.2.jar
2026-02-02 09:28:30,490 [Worker-17: Launching mavenrun-72f14ebf-2c55-46f5-862c-6a0546d3bd8a] INFO  o.e.m.i.launch.MavenLaunchDelegate - Run build in "C:\Users\dell\AppData\Local\Temp\m2e-archetypeGenerator73915158808212013":
2026-02-02 09:28:30,491 [Worker-17: Launching mavenrun-72f14ebf-2c55-46f5-862c-6a0546d3bd8a] INFO  o.e.m.i.launch.MavenLaunchDelegate -  mvn  -DarchetypeGroupId=de.bripkens -DarchetypeArtifactId=java-quickstart -DarchetypeVersion=0.2.0 -DgroupId=mphasis -DartifactId=SpringAop2 -Dversion=0.0.1-SNAPSHOT -Dpackage=com.java.aop -DoutputDirectory=D:\Mphasis\aopexamples -B -Dstyle.color=always -U archetype:generate
2026-02-02 09:28:36,843 [Worker-13: Creating java-quickstart] INFO  o.e.m.c.i.p.ProjectConfigurationManager - Collecting project info '/pom.xml' D:\Mphasis\aopexamples\SpringAop2\pom.xml
2026-02-02 09:28:36,950 [Worker-13: Creating java-quickstart] INFO  o.e.m.c.i.l.LifecycleMappingFactory - Using org.eclipse.m2e.jdt.JarLifecycleMapping lifecycle mapping for MavenProject: mphasis:SpringAop2:0.0.1-SNAPSHOT @ D:\Mphasis\aopexamples\SpringAop2\pom.xml.
2026-02-02 09:28:37,360 [Worker-13: Creating java-quickstart] INFO  o.e.m.j.i.AbstractJavaProjectConfigurator - Adding source folder /SpringAop2/src/main/java
2026-02-02 09:28:37,361 [Worker-13: Creating java-quickstart] INFO  o.e.m.j.i.AbstractJavaProjectConfigurator - Adding resource folder /SpringAop2/src/main/resources
2026-02-02 09:28:37,365 [Worker-13: Creating java-quickstart] INFO  o.e.m.j.i.AbstractJavaProjectConfigurator - Adding source folder /SpringAop2/src/test/java
2026-02-02 09:28:37,366 [Worker-13: Creating java-quickstart] INFO  o.e.m.j.i.AbstractJavaProjectConfigurator - Adding resource folder /SpringAop2/src/test/resources
2026-02-02 09:28:37,489 [Worker-13: Creating java-quickstart] INFO  o.e.m.c.i.p.ProjectConfigurationManager - Imported and configured 1 project(s) in 0 sec
2026-02-02 09:28:37,725 [Worker-11: Building] INFO  o.a.m.s.f.DefaultMavenResourcesFiltering - skip non existing resourceDirectory D:\Mphasis\aopexamples\SpringAop2\src\main\resources
2026-02-02 09:28:37,729 [Worker-11: Building] INFO  o.a.m.s.f.DefaultMavenResourcesFiltering - skip non existing resourceDirectory D:\Mphasis\aopexamples\SpringAop2\src\test\resources
2026-02-02 09:29:56,231 [Worker-10: Building] INFO  o.e.m.c.i.l.LifecycleMappingFactory - Using org.eclipse.m2e.jdt.JarLifecycleMapping lifecycle mapping for MavenProject: mphasis:SpringAop2:0.0.1-SNAPSHOT @ D:\Mphasis\aopexamples\SpringAop2\pom.xml.
2026-02-02 09:29:56,266 [Worker-10: Building] WARN  o.e.m.c.i.embedder.EclipseLogger - The artifact aspectj:aspectjrt:jar:1.5.4 has been relocated to org.aspectj:aspectjrt:jar:1.5.4
2026-02-02 09:29:56,331 [Worker-10: Building] INFO  o.a.m.s.f.DefaultMavenResourcesFiltering - skip non existing resourceDirectory D:\Mphasis\aopexamples\SpringAop2\src\main\resources
2026-02-02 09:29:56,333 [Worker-10: Building] INFO  o.a.m.s.f.DefaultMavenResourcesFiltering - skip non existing resourceDirectory D:\Mphasis\aopexamples\SpringAop2\src\test\resources
2026-02-02 09:29:57,477 [Worker-6: Building] INFO  o.a.m.s.f.DefaultMavenResourcesFiltering - skip non existing resourceDirectory D:\Mphasis\aopexamples\SpringAop2\src\main\resources
2026-02-02 09:29:57,479 [Worker-6: Building] INFO  o.a.m.s.f.DefaultMavenResourcesFiltering - skip non existing resourceDirectory D:\Mphasis\aopexamples\SpringAop2\src\test\resources
2026-02-02 09:31:23,931 [Worker-19: Building] INFO  o.a.m.s.f.DefaultMavenResourcesFiltering - skip non existing resourceDirectory D:\Mphasis\aopexamples\SpringAop2\src\main\resources
2026-02-02 09:31:23,936 [Worker-19: Building] INFO  o.a.m.s.f.DefaultMavenResourcesFiltering - skip non existing resourceDirectory D:\Mphasis\aopexamples\SpringAop2\src\test\resources
2026-02-02 09:31:36,200 [Worker-11: Building] INFO  o.a.m.s.f.DefaultMavenResourcesFiltering - skip non existing resourceDirectory D:\Mphasis\aopexamples\SpringAop2\src\main\resources
2026-02-02 09:31:36,201 [Worker-11: Building] INFO  o.a.m.s.f.DefaultMavenResourcesFiltering - skip non existing resourceDirectory D:\Mphasis\aopexamples\SpringAop2\src\test\resources
2026-02-02 09:36:16,491 [Worker-10: Building] INFO  o.a.m.s.f.DefaultMavenResourcesFiltering - skip non existing resourceDirectory D:\Mphasis\aopexamples\SpringAop2\src\main\resources
2026-02-02 09:36:16,494 [Worker-10: Building] INFO  o.a.m.s.f.DefaultMavenResourcesFiltering - skip non existing resourceDirectory D:\Mphasis\aopexamples\SpringAop2\src\test\resources
2026-02-02 09:36:19,601 [Worker-13: Building] INFO  o.a.m.s.f.DefaultMavenResourcesFiltering - skip non existing resourceDirectory D:\Mphasis\aopexamples\SpringAop2\src\main\resources
2026-02-02 09:36:19,603 [Worker-13: Building] INFO  o.a.m.s.f.DefaultMavenResourcesFiltering - skip non existing resourceDirectory D:\Mphasis\aopexamples\SpringAop2\src\test\resources
2026-02-02 09:36:38,983 [Worker-10: Building] INFO  o.a.m.s.f.DefaultMavenResourcesFiltering - skip non existing resourceDirectory D:\Mphasis\aopexamples\SpringAop2\src\main\resources
2026-02-02 09:36:38,986 [Worker-10: Building] INFO  o.a.m.s.f.DefaultMavenResourcesFiltering - skip non existing resourceDirectory D:\Mphasis\aopexamples\SpringAop2\src\test\resources
2026-02-02 09:39:32,676 [Worker-21: Building] INFO  o.a.m.s.f.DefaultMavenResourcesFiltering - skip non existing resourceDirectory D:\Mphasis\aopexamples\SpringAop2\src\main\resources
2026-02-02 09:39:32,678 [Worker-21: Building] INFO  o.a.m.s.f.DefaultMavenResourcesFiltering - skip non existing resourceDirectory D:\Mphasis\aopexamples\SpringAop2\src\test\resources
2026-02-02 09:40:21,999 [Worker-22: Building] INFO  o.a.m.s.f.DefaultMavenResourcesFiltering - skip non existing resourceDirectory D:\Mphasis\aopexamples\SpringAop2\src\main\resources
2026-02-02 09:40:22,001 [Worker-22: Building] INFO  o.a.m.s.f.DefaultMavenResourcesFiltering - skip non existing resourceDirectory D:\Mphasis\aopexamples\SpringAop2\src\test\resources
2026-02-02 09:43:45,306 [Worker-11: Building] INFO  o.a.m.s.f.DefaultMavenResourcesFiltering - skip non existing resourceDirectory D:\Mphasis\aopexamples\SpringAop2\src\main\resources
2026-02-02 09:43:45,308 [Worker-11: Building] INFO  o.a.m.s.f.DefaultMavenResourcesFiltering - skip non existing resourceDirectory D:\Mphasis\aopexamples\SpringAop2\src\test\resources
2026-02-02 09:44:36,003 [Worker-11: Building] INFO  o.a.m.s.f.DefaultMavenResourcesFiltering - skip non existing resourceDirectory D:\Mphasis\aopexamples\SpringAop2\src\main\resources
2026-02-02 09:44:36,006 [Worker-11: Building] INFO  o.a.m.s.f.DefaultMavenResourcesFiltering - skip non existing resourceDirectory D:\Mphasis\aopexamples\SpringAop2\src\test\resources
2026-02-02 09:47:50,193 [Worker-23: Building] INFO  o.a.m.s.f.DefaultMavenResourcesFiltering - skip non existing resourceDirectory D:\Mphasis\aopexamples\SpringAop2\src\main\resources
2026-02-02 09:47:50,195 [Worker-23: Building] INFO  o.a.m.s.f.DefaultMavenResourcesFiltering - skip non existing resourceDirectory D:\Mphasis\aopexamples\SpringAop2\src\test\resources
2026-02-02 09:48:01,066 [Worker-25: Building] INFO  o.a.m.s.f.DefaultMavenResourcesFiltering - skip non existing resourceDirectory D:\Mphasis\aopexamples\SpringAop2\src\main\resources
2026-02-02 09:48:01,069 [Worker-25: Building] INFO  o.a.m.s.f.DefaultMavenResourcesFiltering - skip non existing resourceDirectory D:\Mphasis\aopexamples\SpringAop2\src\test\resources
2026-02-02 09:48:05,828 [Worker-28: Building] INFO  o.a.m.s.f.DefaultMavenResourcesFiltering - skip non existing resourceDirectory D:\Mphasis\aopexamples\SpringAop2\src\main\resources
2026-02-02 09:48:05,830 [Worker-28: Building] INFO  o.a.m.s.f.DefaultMavenResourcesFiltering - skip non existing resourceDirectory D:\Mphasis\aopexamples\SpringAop2\src\test\resources
2026-02-02 09:48:20,879 [Worker-25: Building] INFO  o.a.m.s.f.DefaultMavenResourcesFiltering - skip non existing resourceDirectory D:\Mphasis\aopexamples\SpringAop2\src\main\resources
2026-02-02 09:48:20,882 [Worker-25: Building] INFO  o.a.m.s.f.DefaultMavenResourcesFiltering - skip non existing resourceDirectory D:\Mphasis\aopexamples\SpringAop2\src\test\resources
2026-02-02 09:48:36,435 [Worker-30: Building] INFO  o.a.m.s.f.DefaultMavenResourcesFiltering - skip non existing resourceDirectory D:\Mphasis\aopexamples\SpringAop2\src\main\resources
2026-02-02 09:48:36,438 [Worker-30: Building] INFO  o.a.m.s.f.DefaultMavenResourcesFiltering - skip non existing resourceDirectory D:\Mphasis\aopexamples\SpringAop2\src\test\resources
2026-02-02 09:52:56,791 [Worker-30: Building] INFO  o.a.m.s.f.DefaultMavenResourcesFiltering - skip non existing resourceDirectory D:\Mphasis\aopexamples\SpringAop2\src\main\resources
2026-02-02 09:52:56,793 [Worker-30: Building] INFO  o.a.m.s.f.DefaultMavenResourcesFiltering - skip non existing resourceDirectory D:\Mphasis\aopexamples\SpringAop2\src\test\resources
2026-02-02 09:57:42,477 [Worker-26: Launching mavenrun-6d72612b-269e-4660-bfde-bdd6163ec77f] INFO  o.eclipse.m2e.core.internal.Bundles - getClasspathEntries(Bundle=org.eclipse.m2e.maven.runtime_3.9.900.20250220-2013 [637])
2026-02-02 09:57:42,478 [Worker-26: Launching mavenrun-6d72612b-269e-4660-bfde-bdd6163ec77f] INFO  o.eclipse.m2e.core.internal.Bundles - 	Entry: C:\Users\dell\.p2\pool\plugins\org.eclipse.m2e.maven.runtime_3.9.900.20250220-2013
2026-02-02 09:57:42,479 [Worker-26: Launching mavenrun-6d72612b-269e-4660-bfde-bdd6163ec77f] INFO  o.eclipse.m2e.core.internal.Bundles - 	Entry: C:\Users\dell\.p2\pool\plugins\org.eclipse.m2e.maven.runtime_3.9.900.20250220-2013\jars\aopalliance-1.0.jar
2026-02-02 09:57:42,479 [Worker-26: Launching mavenrun-6d72612b-269e-4660-bfde-bdd6163ec77f] INFO  o.eclipse.m2e.core.internal.Bundles - 	Entry: C:\Users\dell\.p2\pool\plugins\org.eclipse.m2e.maven.runtime_3.9.900.20250220-2013\jars\guice-5.1.0.jar
2026-02-02 09:57:42,479 [Worker-26: Launching mavenrun-6d72612b-269e-4660-bfde-bdd6163ec77f] INFO  o.eclipse.m2e.core.internal.Bundles - 	Entry: C:\Users\dell\.p2\pool\plugins\org.eclipse.m2e.maven.runtime_3.9.900.20250220-2013\jars\httpclient-4.5.14.jar
2026-02-02 09:57:42,479 [Worker-26: Launching mavenrun-6d72612b-269e-4660-bfde-bdd6163ec77f] INFO  o.eclipse.m2e.core.internal.Bundles - 	Entry: C:\Users\dell\.p2\pool\plugins\org.eclipse.m2e.maven.runtime_3.9.900.20250220-2013\jars\httpcore-4.4.16.jar
2026-02-02 09:57:42,479 [Worker-26: Launching mavenrun-6d72612b-269e-4660-bfde-bdd6163ec77f] INFO  o.eclipse.m2e.core.internal.Bundles - 	Entry: C:\Users\dell\.p2\pool\plugins\org.eclipse.m2e.maven.runtime_3.9.900.20250220-2013\jars\jansi-2.4.1.jar
2026-02-02 09:57:42,479 [Worker-26: Launching mavenrun-6d72612b-269e-4660-bfde-bdd6163ec77f] INFO  o.eclipse.m2e.core.internal.Bundles - 	Entry: C:\Users\dell\.p2\pool\plugins\org.eclipse.m2e.maven.runtime_3.9.900.20250220-2013\jars\jcl-over-slf4j-1.7.36.jar
2026-02-02 09:57:42,479 [Worker-26: Launching mavenrun-6d72612b-269e-4660-bfde-bdd6163ec77f] INFO  o.eclipse.m2e.core.internal.Bundles - 	Entry: C:\Users\dell\.p2\pool\plugins\org.eclipse.m2e.maven.runtime_3.9.900.20250220-2013\jars\maven-artifact-3.9.9.jar
2026-02-02 09:57:42,480 [Worker-26: Launching mavenrun-6d72612b-269e-4660-bfde-bdd6163ec77f] INFO  o.eclipse.m2e.core.internal.Bundles - 	Entry: C:\Users\dell\.p2\pool\plugins\org.eclipse.m2e.maven.runtime_3.9.900.20250220-2013\jars\maven-builder-support-3.9.9.jar
2026-02-02 09:57:42,480 [Worker-26: Launching mavenrun-6d72612b-269e-4660-bfde-bdd6163ec77f] INFO  o.eclipse.m2e.core.internal.Bundles - 	Entry: C:\Users\dell\.p2\pool\plugins\org.eclipse.m2e.maven.runtime_3.9.900.20250220-2013\jars\maven-compat-3.9.9.jar
2026-02-02 09:57:42,480 [Worker-26: Launching mavenrun-6d72612b-269e-4660-bfde-bdd6163ec77f] INFO  o.eclipse.m2e.core.internal.Bundles - 	Entry: C:\Users\dell\.p2\pool\plugins\org.eclipse.m2e.maven.runtime_3.9.900.20250220-2013\jars\maven-core-3.9.9.jar
2026-02-02 09:57:42,480 [Worker-26: Launching mavenrun-6d72612b-269e-4660-bfde-bdd6163ec77f] INFO  o.eclipse.m2e.core.internal.Bundles - 	Entry: C:\Users\dell\.p2\pool\plugins\org.eclipse.m2e.maven.runtime_3.9.900.20250220-2013\jars\maven-embedder-3.9.9.jar
2026-02-02 09:57:42,480 [Worker-26: Launching mavenrun-6d72612b-269e-4660-bfde-bdd6163ec77f] INFO  o.eclipse.m2e.core.internal.Bundles - 	Entry: C:\Users\dell\.p2\pool\plugins\org.eclipse.m2e.maven.runtime_3.9.900.20250220-2013\jars\maven-model-3.9.9.jar
2026-02-02 09:57:42,480 [Worker-26: Launching mavenrun-6d72612b-269e-4660-bfde-bdd6163ec77f] INFO  o.eclipse.m2e.core.internal.Bundles - 	Entry: C:\Users\dell\.p2\pool\plugins\org.eclipse.m2e.maven.runtime_3.9.900.20250220-2013\jars\maven-model-builder-3.9.9.jar
2026-02-02 09:57:42,480 [Worker-26: Launching mavenrun-6d72612b-269e-4660-bfde-bdd6163ec77f] INFO  o.eclipse.m2e.core.internal.Bundles - 	Entry: C:\Users\dell\.p2\pool\plugins\org.eclipse.m2e.maven.runtime_3.9.900.20250220-2013\jars\maven-plugin-api-3.9.9.jar
2026-02-02 09:57:42,480 [Worker-26: Launching mavenrun-6d72612b-269e-4660-bfde-bdd6163ec77f] INFO  o.eclipse.m2e.core.internal.Bundles - 	Entry: C:\Users\dell\.p2\pool\plugins\org.eclipse.m2e.maven.runtime_3.9.900.20250220-2013\jars\maven-repository-metadata-3.9.9.jar
2026-02-02 09:57:42,481 [Worker-26: Launching mavenrun-6d72612b-269e-4660-bfde-bdd6163ec77f] INFO  o.eclipse.m2e.core.internal.Bundles - 	Entry: C:\Users\dell\.p2\pool\plugins\org.eclipse.m2e.maven.runtime_3.9.900.20250220-2013\jars\maven-resolver-api-1.9.22.jar
2026-02-02 09:57:42,481 [Worker-26: Launching mavenrun-6d72612b-269e-4660-bfde-bdd6163ec77f] INFO  o.eclipse.m2e.core.internal.Bundles - 	Entry: C:\Users\dell\.p2\pool\plugins\org.eclipse.m2e.maven.runtime_3.9.900.20250220-2013\jars\maven-resolver-connector-basic-1.9.22.jar
2026-02-02 09:57:42,481 [Worker-26: Launching mavenrun-6d72612b-269e-4660-bfde-bdd6163ec77f] INFO  o.eclipse.m2e.core.internal.Bundles - 	Entry: C:\Users\dell\.p2\pool\plugins\org.eclipse.m2e.maven.runtime_3.9.900.20250220-2013\jars\maven-resolver-impl-1.9.22.jar
2026-02-02 09:57:42,481 [Worker-26: Launching mavenrun-6d72612b-269e-4660-bfde-bdd6163ec77f] INFO  o.eclipse.m2e.core.internal.Bundles - 	Entry: C:\Users\dell\.p2\pool\plugins\org.eclipse.m2e.maven.runtime_3.9.900.20250220-2013\jars\maven-resolver-named-locks-1.9.22.jar
2026-02-02 09:57:42,481 [Worker-26: Launching mavenrun-6d72612b-269e-4660-bfde-bdd6163ec77f] INFO  o.eclipse.m2e.core.internal.Bundles - 	Entry: C:\Users\dell\.p2\pool\plugins\org.eclipse.m2e.maven.runtime_3.9.900.20250220-2013\jars\maven-resolver-provider-3.9.9.jar
2026-02-02 09:57:42,481 [Worker-26: Launching mavenrun-6d72612b-269e-4660-bfde-bdd6163ec77f] INFO  o.eclipse.m2e.core.internal.Bundles - 	Entry: C:\Users\dell\.p2\pool\plugins\org.eclipse.m2e.maven.runtime_3.9.900.20250220-2013\jars\maven-resolver-spi-1.9.22.jar
2026-02-02 09:57:42,481 [Worker-26: Launching mavenrun-6d72612b-269e-4660-bfde-bdd6163ec77f] INFO  o.eclipse.m2e.core.internal.Bundles - 	Entry: C:\Users\dell\.p2\pool\plugins\org.eclipse.m2e.maven.runtime_3.9.900.20250220-2013\jars\maven-resolver-transport-file-1.9.22.jar
2026-02-02 09:57:42,481 [Worker-26: Launching mavenrun-6d72612b-269e-4660-bfde-bdd6163ec77f] INFO  o.eclipse.m2e.core.internal.Bundles - 	Entry: C:\Users\dell\.p2\pool\plugins\org.eclipse.m2e.maven.runtime_3.9.900.20250220-2013\jars\maven-resolver-transport-http-1.9.22.jar
2026-02-02 09:57:42,481 [Worker-26: Launching mavenrun-6d72612b-269e-4660-bfde-bdd6163ec77f] INFO  o.eclipse.m2e.core.internal.Bundles - 	Entry: C:\Users\dell\.p2\pool\plugins\org.eclipse.m2e.maven.runtime_3.9.900.20250220-2013\jars\maven-resolver-transport-wagon-1.9.22.jar
2026-02-02 09:57:42,482 [Worker-26: Launching mavenrun-6d72612b-269e-4660-bfde-bdd6163ec77f] INFO  o.eclipse.m2e.core.internal.Bundles - 	Entry: C:\Users\dell\.p2\pool\plugins\org.eclipse.m2e.maven.runtime_3.9.900.20250220-2013\jars\maven-resolver-util-1.9.22.jar
2026-02-02 09:57:42,482 [Worker-26: Launching mavenrun-6d72612b-269e-4660-bfde-bdd6163ec77f] INFO  o.eclipse.m2e.core.internal.Bundles - 	Entry: C:\Users\dell\.p2\pool\plugins\org.eclipse.m2e.maven.runtime_3.9.900.20250220-2013\jars\maven-settings-3.9.9.jar
2026-02-02 09:57:42,482 [Worker-26: Launching mavenrun-6d72612b-269e-4660-bfde-bdd6163ec77f] INFO  o.eclipse.m2e.core.internal.Bundles - 	Entry: C:\Users\dell\.p2\pool\plugins\org.eclipse.m2e.maven.runtime_3.9.900.20250220-2013\jars\maven-settings-builder-3.9.9.jar
2026-02-02 09:57:42,482 [Worker-26: Launching mavenrun-6d72612b-269e-4660-bfde-bdd6163ec77f] INFO  o.eclipse.m2e.core.internal.Bundles - 	Entry: C:\Users\dell\.p2\pool\plugins\org.eclipse.m2e.maven.runtime_3.9.900.20250220-2013\jars\maven-shared-utils-3.4.2.jar
2026-02-02 09:57:42,482 [Worker-26: Launching mavenrun-6d72612b-269e-4660-bfde-bdd6163ec77f] INFO  o.eclipse.m2e.core.internal.Bundles - 	Entry: C:\Users\dell\.p2\pool\plugins\org.eclipse.m2e.maven.runtime_3.9.900.20250220-2013\jars\org.eclipse.sisu.inject-0.9.0.M3.jar
2026-02-02 09:57:42,482 [Worker-26: Launching mavenrun-6d72612b-269e-4660-bfde-bdd6163ec77f] INFO  o.eclipse.m2e.core.internal.Bundles - 	Entry: C:\Users\dell\.p2\pool\plugins\org.eclipse.m2e.maven.runtime_3.9.900.20250220-2013\jars\org.eclipse.sisu.plexus-0.9.0.M3.jar
2026-02-02 09:57:42,482 [Worker-26: Launching mavenrun-6d72612b-269e-4660-bfde-bdd6163ec77f] INFO  o.eclipse.m2e.core.internal.Bundles - 	Entry: C:\Users\dell\.p2\pool\plugins\org.eclipse.m2e.maven.runtime_3.9.900.20250220-2013\jars\plexus-build-api-0.0.7.jar
2026-02-02 09:57:42,482 [Worker-26: Launching mavenrun-6d72612b-269e-4660-bfde-bdd6163ec77f] INFO  o.eclipse.m2e.core.internal.Bundles - 	Entry: C:\Users\dell\.p2\pool\plugins\org.eclipse.m2e.maven.runtime_3.9.900.20250220-2013\jars\plexus-build-api-1.2.0.jar
2026-02-02 09:57:42,482 [Worker-26: Launching mavenrun-6d72612b-269e-4660-bfde-bdd6163ec77f] INFO  o.eclipse.m2e.core.internal.Bundles - 	Entry: C:\Users\dell\.p2\pool\plugins\org.eclipse.m2e.maven.runtime_3.9.900.20250220-2013\jars\plexus-cipher-2.0.jar
2026-02-02 09:57:42,483 [Worker-26: Launching mavenrun-6d72612b-269e-4660-bfde-bdd6163ec77f] INFO  o.eclipse.m2e.core.internal.Bundles - 	Entry: C:\Users\dell\.p2\pool\plugins\org.eclipse.m2e.maven.runtime_3.9.900.20250220-2013\jars\plexus-classworlds-2.8.0.jar
2026-02-02 09:57:42,483 [Worker-26: Launching mavenrun-6d72612b-269e-4660-bfde-bdd6163ec77f] INFO  o.eclipse.m2e.core.internal.Bundles - 	Entry: C:\Users\dell\.p2\pool\plugins\org.eclipse.m2e.maven.runtime_3.9.900.20250220-2013\jars\plexus-component-annotations-2.1.0.jar
2026-02-02 09:57:42,483 [Worker-26: Launching mavenrun-6d72612b-269e-4660-bfde-bdd6163ec77f] INFO  o.eclipse.m2e.core.internal.Bundles - 	Entry: C:\Users\dell\.p2\pool\plugins\org.eclipse.m2e.maven.runtime_3.9.900.20250220-2013\jars\plexus-interpolation-1.27.jar
2026-02-02 09:57:42,483 [Worker-26: Launching mavenrun-6d72612b-269e-4660-bfde-bdd6163ec77f] INFO  o.eclipse.m2e.core.internal.Bundles - 	Entry: C:\Users\dell\.p2\pool\plugins\org.eclipse.m2e.maven.runtime_3.9.900.20250220-2013\jars\plexus-sec-dispatcher-2.0.jar
2026-02-02 09:57:42,483 [Worker-26: Launching mavenrun-6d72612b-269e-4660-bfde-bdd6163ec77f] INFO  o.eclipse.m2e.core.internal.Bundles - 	Entry: C:\Users\dell\.p2\pool\plugins\org.eclipse.m2e.maven.runtime_3.9.900.20250220-2013\jars\plexus-utils-3.5.1.jar
2026-02-02 09:57:42,483 [Worker-26: Launching mavenrun-6d72612b-269e-4660-bfde-bdd6163ec77f] INFO  o.eclipse.m2e.core.internal.Bundles - 	Entry: C:\Users\dell\.p2\pool\plugins\org.eclipse.m2e.maven.runtime_3.9.900.20250220-2013\jars\plexus-xml-3.0.1.jar
2026-02-02 09:57:42,483 [Worker-26: Launching mavenrun-6d72612b-269e-4660-bfde-bdd6163ec77f] INFO  o.eclipse.m2e.core.internal.Bundles - 	Entry: C:\Users\dell\.p2\pool\plugins\org.eclipse.m2e.maven.runtime_3.9.900.20250220-2013\jars\wagon-file-3.5.3.jar
2026-02-02 09:57:42,484 [Worker-26: Launching mavenrun-6d72612b-269e-4660-bfde-bdd6163ec77f] INFO  o.eclipse.m2e.core.internal.Bundles - 	Entry: C:\Users\dell\.p2\pool\plugins\org.eclipse.m2e.maven.runtime_3.9.900.20250220-2013\jars\wagon-http-3.5.3.jar
2026-02-02 09:57:42,484 [Worker-26: Launching mavenrun-6d72612b-269e-4660-bfde-bdd6163ec77f] INFO  o.eclipse.m2e.core.internal.Bundles - 	Entry: C:\Users\dell\.p2\pool\plugins\org.eclipse.m2e.maven.runtime_3.9.900.20250220-2013\jars\wagon-http-shared-3.5.3.jar
2026-02-02 09:57:42,484 [Worker-26: Launching mavenrun-6d72612b-269e-4660-bfde-bdd6163ec77f] INFO  o.eclipse.m2e.core.internal.Bundles - 	Entry: C:\Users\dell\.p2\pool\plugins\org.eclipse.m2e.maven.runtime_3.9.900.20250220-2013\jars\wagon-provider-api-3.5.3.jar
2026-02-02 09:57:42,484 [Worker-26: Launching mavenrun-6d72612b-269e-4660-bfde-bdd6163ec77f] INFO  o.eclipse.m2e.core.internal.Bundles - getClasspathEntries(Bundle=com.google.guava_33.4.0.jre [16])
2026-02-02 09:57:42,484 [Worker-26: Launching mavenrun-6d72612b-269e-4660-bfde-bdd6163ec77f] INFO  o.eclipse.m2e.core.internal.Bundles - 	Entry: C:\Users\dell\.p2\pool\plugins\com.google.guava_33.4.0.jre.jar
2026-02-02 09:57:42,485 [Worker-26: Launching mavenrun-6d72612b-269e-4660-bfde-bdd6163ec77f] INFO  o.eclipse.m2e.core.internal.Bundles - getClasspathEntries(Bundle=slf4j.api_2.0.17 [1001])
2026-02-02 09:57:42,485 [Worker-26: Launching mavenrun-6d72612b-269e-4660-bfde-bdd6163ec77f] INFO  o.eclipse.m2e.core.internal.Bundles - 	Entry: C:\Users\dell\.p2\pool\plugins\slf4j.api_2.0.17.jar
2026-02-02 09:57:42,485 [Worker-26: Launching mavenrun-6d72612b-269e-4660-bfde-bdd6163ec77f] INFO  o.eclipse.m2e.core.internal.Bundles - getClasspathEntries(Bundle=javax.inject_1.0.0.v20220405-0441 [1010])
2026-02-02 09:57:42,485 [Worker-26: Launching mavenrun-6d72612b-269e-4660-bfde-bdd6163ec77f] INFO  o.eclipse.m2e.core.internal.Bundles - 	Entry: C:\Users\dell\.p2\pool\plugins\javax.inject_1.0.0.v20220405-0441.jar
2026-02-02 09:57:42,486 [Worker-26: Launching mavenrun-6d72612b-269e-4660-bfde-bdd6163ec77f] INFO  o.eclipse.m2e.core.internal.Bundles - getClasspathEntries(Bundle=javax.annotation_1.3.5.v20230504-0748 [1009])
2026-02-02 09:57:42,486 [Worker-26: Launching mavenrun-6d72612b-269e-4660-bfde-bdd6163ec77f] INFO  o.eclipse.m2e.core.internal.Bundles - 	Entry: C:\Users\dell\.p2\pool\plugins\javax.annotation_1.3.5.v20230504-0748.jar
2026-02-02 09:57:42,486 [Worker-26: Launching mavenrun-6d72612b-269e-4660-bfde-bdd6163ec77f] INFO  o.eclipse.m2e.core.internal.Bundles - getClasspathEntries(Bundle=org.apache.commons.cli_1.9.0 [74])
2026-02-02 09:57:42,486 [Worker-26: Launching mavenrun-6d72612b-269e-4660-bfde-bdd6163ec77f] INFO  o.eclipse.m2e.core.internal.Bundles - 	Entry: C:\Users\dell\.p2\pool\plugins\org.apache.commons.cli_1.9.0.jar
2026-02-02 09:57:42,486 [Worker-26: Launching mavenrun-6d72612b-269e-4660-bfde-bdd6163ec77f] INFO  o.eclipse.m2e.core.internal.Bundles - getClasspathEntries(Bundle=org.apache.commons.commons-codec_1.16.0 [76])
2026-02-02 09:57:42,488 [Worker-26: Launching mavenrun-6d72612b-269e-4660-bfde-bdd6163ec77f] INFO  o.eclipse.m2e.core.internal.Bundles - 	Entry: C:\Users\dell\.p2\pool\plugins\org.apache.commons.commons-codec_1.16.0.jar
2026-02-02 09:57:42,488 [Worker-26: Launching mavenrun-6d72612b-269e-4660-bfde-bdd6163ec77f] INFO  o.eclipse.m2e.core.internal.Bundles - getClasspathEntries(Bundle=com.google.guava.failureaccess_1.0.2 [17])
2026-02-02 09:57:42,488 [Worker-26: Launching mavenrun-6d72612b-269e-4660-bfde-bdd6163ec77f] INFO  o.eclipse.m2e.core.internal.Bundles - 	Entry: C:\Users\dell\.p2\pool\plugins\com.google.guava.failureaccess_1.0.2.jar
2026-02-02 09:57:42,489 [Worker-26: Launching mavenrun-6d72612b-269e-4660-bfde-bdd6163ec77f] INFO  o.e.m.i.launch.MavenLaunchDelegate - Run build in "C:\Users\dell\AppData\Local\Temp\m2e-archetypeGenerator5400534402224313791":
2026-02-02 09:57:42,489 [Worker-26: Launching mavenrun-6d72612b-269e-4660-bfde-bdd6163ec77f] INFO  o.e.m.i.launch.MavenLaunchDelegate -  mvn  -DarchetypeGroupId=de.bripkens -DarchetypeArtifactId=java-quickstart -DarchetypeVersion=0.2.0 -DgroupId=mphasis -DartifactId=SpringAop3 -Dversion=0.0.1-SNAPSHOT -Dpackage=com.java.aop -DoutputDirectory=D:\Mphasis\aopexamples -B -Dstyle.color=always -U archetype:generate
2026-02-02 09:57:56,098 [Worker-34: Creating java-quickstart] INFO  o.e.m.c.i.p.ProjectConfigurationManager - Collecting project info '/pom.xml' D:\Mphasis\aopexamples\SpringAop3\pom.xml
2026-02-02 09:57:56,415 [Worker-34: Creating java-quickstart] INFO  o.e.m.c.i.l.LifecycleMappingFactory - Using org.eclipse.m2e.jdt.JarLifecycleMapping lifecycle mapping for MavenProject: mphasis:SpringAop3:0.0.1-SNAPSHOT @ D:\Mphasis\aopexamples\SpringAop3\pom.xml.
2026-02-02 09:57:57,116 [Worker-34: Creating java-quickstart] INFO  o.e.m.j.i.AbstractJavaProjectConfigurator - Adding source folder /SpringAop3/src/main/java
2026-02-02 09:57:57,116 [Worker-34: Creating java-quickstart] INFO  o.e.m.j.i.AbstractJavaProjectConfigurator - Adding resource folder /SpringAop3/src/main/resources
2026-02-02 09:57:57,119 [Worker-34: Creating java-quickstart] INFO  o.e.m.j.i.AbstractJavaProjectConfigurator - Adding source folder /SpringAop3/src/test/java
2026-02-02 09:57:57,120 [Worker-34: Creating java-quickstart] INFO  o.e.m.j.i.AbstractJavaProjectConfigurator - Adding resource folder /SpringAop3/src/test/resources
2026-02-02 09:57:58,227 [Worker-34: Creating java-quickstart] INFO  o.e.m.c.i.p.ProjectConfigurationManager - Imported and configured 1 project(s) in 2 sec
2026-02-02 09:57:58,537 [Worker-36: Building] INFO  o.a.m.s.f.DefaultMavenResourcesFiltering - skip non existing resourceDirectory D:\Mphasis\aopexamples\SpringAop3\src\main\resources
2026-02-02 09:57:58,540 [Worker-36: Building] INFO  o.a.m.s.f.DefaultMavenResourcesFiltering - skip non existing resourceDirectory D:\Mphasis\aopexamples\SpringAop3\src\test\resources
2026-02-02 09:58:18,003 [Worker-32: Building] INFO  o.e.m.c.i.l.LifecycleMappingFactory - Using org.eclipse.m2e.jdt.JarLifecycleMapping lifecycle mapping for MavenProject: mphasis:SpringAop3:0.0.1-SNAPSHOT @ D:\Mphasis\aopexamples\SpringAop3\pom.xml.
2026-02-02 09:58:18,119 [Worker-32: Building] WARN  o.e.m.c.i.embedder.EclipseLogger - The artifact aspectj:aspectjrt:jar:1.5.4 has been relocated to org.aspectj:aspectjrt:jar:1.5.4
2026-02-02 09:58:18,730 [Worker-32: Building] INFO  o.a.m.s.f.DefaultMavenResourcesFiltering - skip non existing resourceDirectory D:\Mphasis\aopexamples\SpringAop3\src\main\resources
2026-02-02 09:58:18,731 [Worker-32: Building] INFO  o.a.m.s.f.DefaultMavenResourcesFiltering - skip non existing resourceDirectory D:\Mphasis\aopexamples\SpringAop3\src\test\resources
2026-02-02 09:58:19,876 [Worker-35: Building] INFO  o.a.m.s.f.DefaultMavenResourcesFiltering - skip non existing resourceDirectory D:\Mphasis\aopexamples\SpringAop3\src\main\resources
2026-02-02 09:58:19,878 [Worker-35: Building] INFO  o.a.m.s.f.DefaultMavenResourcesFiltering - skip non existing resourceDirectory D:\Mphasis\aopexamples\SpringAop3\src\test\resources
2026-02-02 09:59:59,949 [Worker-37: Building] INFO  o.a.m.s.f.DefaultMavenResourcesFiltering - skip non existing resourceDirectory D:\Mphasis\aopexamples\SpringAop3\src\main\resources
2026-02-02 09:59:59,951 [Worker-37: Building] INFO  o.a.m.s.f.DefaultMavenResourcesFiltering - skip non existing resourceDirectory D:\Mphasis\aopexamples\SpringAop3\src\test\resources
2026-02-02 10:00:14,014 [Worker-40: Building] INFO  o.a.m.s.f.DefaultMavenResourcesFiltering - skip non existing resourceDirectory D:\Mphasis\aopexamples\SpringAop3\src\main\resources
2026-02-02 10:00:14,016 [Worker-40: Building] INFO  o.a.m.s.f.DefaultMavenResourcesFiltering - skip non existing resourceDirectory D:\Mphasis\aopexamples\SpringAop3\src\test\resources
2026-02-02 10:00:22,347 [Worker-39: Building] INFO  o.a.m.s.f.DefaultMavenResourcesFiltering - skip non existing resourceDirectory D:\Mphasis\aopexamples\SpringAop3\src\main\resources
2026-02-02 10:00:22,348 [Worker-39: Building] INFO  o.a.m.s.f.DefaultMavenResourcesFiltering - skip non existing resourceDirectory D:\Mphasis\aopexamples\SpringAop3\src\test\resources
2026-02-02 10:00:24,170 [Worker-39: Building] INFO  o.a.m.s.f.DefaultMavenResourcesFiltering - skip non existing resourceDirectory D:\Mphasis\aopexamples\SpringAop3\src\main\resources
2026-02-02 10:00:24,171 [Worker-39: Building] INFO  o.a.m.s.f.DefaultMavenResourcesFiltering - skip non existing resourceDirectory D:\Mphasis\aopexamples\SpringAop3\src\test\resources
2026-02-02 10:00:26,572 [Worker-40: Building] INFO  o.a.m.s.f.DefaultMavenResourcesFiltering - skip non existing resourceDirectory D:\Mphasis\aopexamples\SpringAop3\src\main\resources
2026-02-02 10:00:26,574 [Worker-40: Building] INFO  o.a.m.s.f.DefaultMavenResourcesFiltering - skip non existing resourceDirectory D:\Mphasis\aopexamples\SpringAop3\src\test\resources
2026-02-02 10:00:35,590 [Worker-39: Building] INFO  o.a.m.s.f.DefaultMavenResourcesFiltering - skip non existing resourceDirectory D:\Mphasis\aopexamples\SpringAop3\src\main\resources
2026-02-02 10:00:35,593 [Worker-39: Building] INFO  o.a.m.s.f.DefaultMavenResourcesFiltering - skip non existing resourceDirectory D:\Mphasis\aopexamples\SpringAop3\src\test\resources
2026-02-02 10:00:40,040 [Worker-40: Building] INFO  o.a.m.s.f.DefaultMavenResourcesFiltering - skip non existing resourceDirectory D:\Mphasis\aopexamples\SpringAop3\src\main\resources
2026-02-02 10:00:40,043 [Worker-40: Building] INFO  o.a.m.s.f.DefaultMavenResourcesFiltering - skip non existing resourceDirectory D:\Mphasis\aopexamples\SpringAop3\src\test\resources
2026-02-02 10:00:55,539 [Worker-36: Building] INFO  o.a.m.s.f.DefaultMavenResourcesFiltering - skip non existing resourceDirectory D:\Mphasis\aopexamples\SpringAop3\src\main\resources
2026-02-02 10:00:55,541 [Worker-36: Building] INFO  o.a.m.s.f.DefaultMavenResourcesFiltering - skip non existing resourceDirectory D:\Mphasis\aopexamples\SpringAop3\src\test\resources
2026-02-02 10:01:29,031 [Worker-38: Building] INFO  o.a.m.s.f.DefaultMavenResourcesFiltering - skip non existing resourceDirectory D:\Mphasis\aopexamples\SpringAop3\src\main\resources
2026-02-02 10:01:29,033 [Worker-38: Building] INFO  o.a.m.s.f.DefaultMavenResourcesFiltering - skip non existing resourceDirectory D:\Mphasis\aopexamples\SpringAop3\src\test\resources
2026-02-02 10:07:43,598 [Worker-32: Building] INFO  o.a.m.s.f.DefaultMavenResourcesFiltering - skip non existing resourceDirectory D:\Mphasis\aopexamples\SpringAop3\src\main\resources
2026-02-02 10:07:43,600 [Worker-32: Building] INFO  o.a.m.s.f.DefaultMavenResourcesFiltering - skip non existing resourceDirectory D:\Mphasis\aopexamples\SpringAop3\src\test\resources
2026-02-02 10:11:48,380 [Worker-44: Launching mavenrun-bb533c24-cbc2-4964-a9f4-28cab7b7ef83] INFO  o.eclipse.m2e.core.internal.Bundles - getClasspathEntries(Bundle=org.eclipse.m2e.maven.runtime_3.9.900.20250220-2013 [637])
2026-02-02 10:11:48,381 [Worker-44: Launching mavenrun-bb533c24-cbc2-4964-a9f4-28cab7b7ef83] INFO  o.eclipse.m2e.core.internal.Bundles - 	Entry: C:\Users\dell\.p2\pool\plugins\org.eclipse.m2e.maven.runtime_3.9.900.20250220-2013
2026-02-02 10:11:48,381 [Worker-44: Launching mavenrun-bb533c24-cbc2-4964-a9f4-28cab7b7ef83] INFO  o.eclipse.m2e.core.internal.Bundles - 	Entry: C:\Users\dell\.p2\pool\plugins\org.eclipse.m2e.maven.runtime_3.9.900.20250220-2013\jars\aopalliance-1.0.jar
2026-02-02 10:11:48,381 [Worker-44: Launching mavenrun-bb533c24-cbc2-4964-a9f4-28cab7b7ef83] INFO  o.eclipse.m2e.core.internal.Bundles - 	Entry: C:\Users\dell\.p2\pool\plugins\org.eclipse.m2e.maven.runtime_3.9.900.20250220-2013\jars\guice-5.1.0.jar
2026-02-02 10:11:48,381 [Worker-44: Launching mavenrun-bb533c24-cbc2-4964-a9f4-28cab7b7ef83] INFO  o.eclipse.m2e.core.internal.Bundles - 	Entry: C:\Users\dell\.p2\pool\plugins\org.eclipse.m2e.maven.runtime_3.9.900.20250220-2013\jars\httpclient-4.5.14.jar
2026-02-02 10:11:48,381 [Worker-44: Launching mavenrun-bb533c24-cbc2-4964-a9f4-28cab7b7ef83] INFO  o.eclipse.m2e.core.internal.Bundles - 	Entry: C:\Users\dell\.p2\pool\plugins\org.eclipse.m2e.maven.runtime_3.9.900.20250220-2013\jars\httpcore-4.4.16.jar
2026-02-02 10:11:48,382 [Worker-44: Launching mavenrun-bb533c24-cbc2-4964-a9f4-28cab7b7ef83] INFO  o.eclipse.m2e.core.internal.Bundles - 	Entry: C:\Users\dell\.p2\pool\plugins\org.eclipse.m2e.maven.runtime_3.9.900.20250220-2013\jars\jansi-2.4.1.jar
2026-02-02 10:11:48,382 [Worker-44: Launching mavenrun-bb533c24-cbc2-4964-a9f4-28cab7b7ef83] INFO  o.eclipse.m2e.core.internal.Bundles - 	Entry: C:\Users\dell\.p2\pool\plugins\org.eclipse.m2e.maven.runtime_3.9.900.20250220-2013\jars\jcl-over-slf4j-1.7.36.jar
2026-02-02 10:11:48,382 [Worker-44: Launching mavenrun-bb533c24-cbc2-4964-a9f4-28cab7b7ef83] INFO  o.eclipse.m2e.core.internal.Bundles - 	Entry: C:\Users\dell\.p2\pool\plugins\org.eclipse.m2e.maven.runtime_3.9.900.20250220-2013\jars\maven-artifact-3.9.9.jar
2026-02-02 10:11:48,382 [Worker-44: Launching mavenrun-bb533c24-cbc2-4964-a9f4-28cab7b7ef83] INFO  o.eclipse.m2e.core.internal.Bundles - 	Entry: C:\Users\dell\.p2\pool\plugins\org.eclipse.m2e.maven.runtime_3.9.900.20250220-2013\jars\maven-builder-support-3.9.9.jar
2026-02-02 10:11:48,382 [Worker-44: Launching mavenrun-bb533c24-cbc2-4964-a9f4-28cab7b7ef83] INFO  o.eclipse.m2e.core.internal.Bundles - 	Entry: C:\Users\dell\.p2\pool\plugins\org.eclipse.m2e.maven.runtime_3.9.900.20250220-2013\jars\maven-compat-3.9.9.jar
2026-02-02 10:11:48,382 [Worker-44: Launching mavenrun-bb533c24-cbc2-4964-a9f4-28cab7b7ef83] INFO  o.eclipse.m2e.core.internal.Bundles - 	Entry: C:\Users\dell\.p2\pool\plugins\org.eclipse.m2e.maven.runtime_3.9.900.20250220-2013\jars\maven-core-3.9.9.jar
2026-02-02 10:11:48,382 [Worker-44: Launching mavenrun-bb533c24-cbc2-4964-a9f4-28cab7b7ef83] INFO  o.eclipse.m2e.core.internal.Bundles - 	Entry: C:\Users\dell\.p2\pool\plugins\org.eclipse.m2e.maven.runtime_3.9.900.20250220-2013\jars\maven-embedder-3.9.9.jar
2026-02-02 10:11:48,383 [Worker-44: Launching mavenrun-bb533c24-cbc2-4964-a9f4-28cab7b7ef83] INFO  o.eclipse.m2e.core.internal.Bundles - 	Entry: C:\Users\dell\.p2\pool\plugins\org.eclipse.m2e.maven.runtime_3.9.900.20250220-2013\jars\maven-model-3.9.9.jar
2026-02-02 10:11:48,383 [Worker-44: Launching mavenrun-bb533c24-cbc2-4964-a9f4-28cab7b7ef83] INFO  o.eclipse.m2e.core.internal.Bundles - 	Entry: C:\Users\dell\.p2\pool\plugins\org.eclipse.m2e.maven.runtime_3.9.900.20250220-2013\jars\maven-model-builder-3.9.9.jar
2026-02-02 10:11:48,383 [Worker-44: Launching mavenrun-bb533c24-cbc2-4964-a9f4-28cab7b7ef83] INFO  o.eclipse.m2e.core.internal.Bundles - 	Entry: C:\Users\dell\.p2\pool\plugins\org.eclipse.m2e.maven.runtime_3.9.900.20250220-2013\jars\maven-plugin-api-3.9.9.jar
2026-02-02 10:11:48,383 [Worker-44: Launching mavenrun-bb533c24-cbc2-4964-a9f4-28cab7b7ef83] INFO  o.eclipse.m2e.core.internal.Bundles - 	Entry: C:\Users\dell\.p2\pool\plugins\org.eclipse.m2e.maven.runtime_3.9.900.20250220-2013\jars\maven-repository-metadata-3.9.9.jar
2026-02-02 10:11:48,383 [Worker-44: Launching mavenrun-bb533c24-cbc2-4964-a9f4-28cab7b7ef83] INFO  o.eclipse.m2e.core.internal.Bundles - 	Entry: C:\Users\dell\.p2\pool\plugins\org.eclipse.m2e.maven.runtime_3.9.900.20250220-2013\jars\maven-resolver-api-1.9.22.jar
2026-02-02 10:11:48,383 [Worker-44: Launching mavenrun-bb533c24-cbc2-4964-a9f4-28cab7b7ef83] INFO  o.eclipse.m2e.core.internal.Bundles - 	Entry: C:\Users\dell\.p2\pool\plugins\org.eclipse.m2e.maven.runtime_3.9.900.20250220-2013\jars\maven-resolver-connector-basic-1.9.22.jar
2026-02-02 10:11:48,383 [Worker-44: Launching mavenrun-bb533c24-cbc2-4964-a9f4-28cab7b7ef83] INFO  o.eclipse.m2e.core.internal.Bundles - 	Entry: C:\Users\dell\.p2\pool\plugins\org.eclipse.m2e.maven.runtime_3.9.900.20250220-2013\jars\maven-resolver-impl-1.9.22.jar
2026-02-02 10:11:48,383 [Worker-44: Launching mavenrun-bb533c24-cbc2-4964-a9f4-28cab7b7ef83] INFO  o.eclipse.m2e.core.internal.Bundles - 	Entry: C:\Users\dell\.p2\pool\plugins\org.eclipse.m2e.maven.runtime_3.9.900.20250220-2013\jars\maven-resolver-named-locks-1.9.22.jar
2026-02-02 10:11:48,384 [Worker-44: Launching mavenrun-bb533c24-cbc2-4964-a9f4-28cab7b7ef83] INFO  o.eclipse.m2e.core.internal.Bundles - 	Entry: C:\Users\dell\.p2\pool\plugins\org.eclipse.m2e.maven.runtime_3.9.900.20250220-2013\jars\maven-resolver-provider-3.9.9.jar
2026-02-02 10:11:48,384 [Worker-44: Launching mavenrun-bb533c24-cbc2-4964-a9f4-28cab7b7ef83] INFO  o.eclipse.m2e.core.internal.Bundles - 	Entry: C:\Users\dell\.p2\pool\plugins\org.eclipse.m2e.maven.runtime_3.9.900.20250220-2013\jars\maven-resolver-spi-1.9.22.jar
2026-02-02 10:11:48,384 [Worker-44: Launching mavenrun-bb533c24-cbc2-4964-a9f4-28cab7b7ef83] INFO  o.eclipse.m2e.core.internal.Bundles - 	Entry: C:\Users\dell\.p2\pool\plugins\org.eclipse.m2e.maven.runtime_3.9.900.20250220-2013\jars\maven-resolver-transport-file-1.9.22.jar
2026-02-02 10:11:48,384 [Worker-44: Launching mavenrun-bb533c24-cbc2-4964-a9f4-28cab7b7ef83] INFO  o.eclipse.m2e.core.internal.Bundles - 	Entry: C:\Users\dell\.p2\pool\plugins\org.eclipse.m2e.maven.runtime_3.9.900.20250220-2013\jars\maven-resolver-transport-http-1.9.22.jar
2026-02-02 10:11:48,384 [Worker-44: Launching mavenrun-bb533c24-cbc2-4964-a9f4-28cab7b7ef83] INFO  o.eclipse.m2e.core.internal.Bundles - 	Entry: C:\Users\dell\.p2\pool\plugins\org.eclipse.m2e.maven.runtime_3.9.900.20250220-2013\jars\maven-resolver-transport-wagon-1.9.22.jar
2026-02-02 10:11:48,384 [Worker-44: Launching mavenrun-bb533c24-cbc2-4964-a9f4-28cab7b7ef83] INFO  o.eclipse.m2e.core.internal.Bundles - 	Entry: C:\Users\dell\.p2\pool\plugins\org.eclipse.m2e.maven.runtime_3.9.900.20250220-2013\jars\maven-resolver-util-1.9.22.jar
2026-02-02 10:11:48,384 [Worker-44: Launching mavenrun-bb533c24-cbc2-4964-a9f4-28cab7b7ef83] INFO  o.eclipse.m2e.core.internal.Bundles - 	Entry: C:\Users\dell\.p2\pool\plugins\org.eclipse.m2e.maven.runtime_3.9.900.20250220-2013\jars\maven-settings-3.9.9.jar
2026-02-02 10:11:48,384 [Worker-44: Launching mavenrun-bb533c24-cbc2-4964-a9f4-28cab7b7ef83] INFO  o.eclipse.m2e.core.internal.Bundles - 	Entry: C:\Users\dell\.p2\pool\plugins\org.eclipse.m2e.maven.runtime_3.9.900.20250220-2013\jars\maven-settings-builder-3.9.9.jar
2026-02-02 10:11:48,384 [Worker-44: Launching mavenrun-bb533c24-cbc2-4964-a9f4-28cab7b7ef83] INFO  o.eclipse.m2e.core.internal.Bundles - 	Entry: C:\Users\dell\.p2\pool\plugins\org.eclipse.m2e.maven.runtime_3.9.900.20250220-2013\jars\maven-shared-utils-3.4.2.jar
2026-02-02 10:11:48,384 [Worker-44: Launching mavenrun-bb533c24-cbc2-4964-a9f4-28cab7b7ef83] INFO  o.eclipse.m2e.core.internal.Bundles - 	Entry: C:\Users\dell\.p2\pool\plugins\org.eclipse.m2e.maven.runtime_3.9.900.20250220-2013\jars\org.eclipse.sisu.inject-0.9.0.M3.jar
2026-02-02 10:11:48,385 [Worker-44: Launching mavenrun-bb533c24-cbc2-4964-a9f4-28cab7b7ef83] INFO  o.eclipse.m2e.core.internal.Bundles - 	Entry: C:\Users\dell\.p2\pool\plugins\org.eclipse.m2e.maven.runtime_3.9.900.20250220-2013\jars\org.eclipse.sisu.plexus-0.9.0.M3.jar
2026-02-02 10:11:48,385 [Worker-44: Launching mavenrun-bb533c24-cbc2-4964-a9f4-28cab7b7ef83] INFO  o.eclipse.m2e.core.internal.Bundles - 	Entry: C:\Users\dell\.p2\pool\plugins\org.eclipse.m2e.maven.runtime_3.9.900.20250220-2013\jars\plexus-build-api-0.0.7.jar
2026-02-02 10:11:48,385 [Worker-44: Launching mavenrun-bb533c24-cbc2-4964-a9f4-28cab7b7ef83] INFO  o.eclipse.m2e.core.internal.Bundles - 	Entry: C:\Users\dell\.p2\pool\plugins\org.eclipse.m2e.maven.runtime_3.9.900.20250220-2013\jars\plexus-build-api-1.2.0.jar
2026-02-02 10:11:48,385 [Worker-44: Launching mavenrun-bb533c24-cbc2-4964-a9f4-28cab7b7ef83] INFO  o.eclipse.m2e.core.internal.Bundles - 	Entry: C:\Users\dell\.p2\pool\plugins\org.eclipse.m2e.maven.runtime_3.9.900.20250220-2013\jars\plexus-cipher-2.0.jar
2026-02-02 10:11:48,385 [Worker-44: Launching mavenrun-bb533c24-cbc2-4964-a9f4-28cab7b7ef83] INFO  o.eclipse.m2e.core.internal.Bundles - 	Entry: C:\Users\dell\.p2\pool\plugins\org.eclipse.m2e.maven.runtime_3.9.900.20250220-2013\jars\plexus-classworlds-2.8.0.jar
2026-02-02 10:11:48,385 [Worker-44: Launching mavenrun-bb533c24-cbc2-4964-a9f4-28cab7b7ef83] INFO  o.eclipse.m2e.core.internal.Bundles - 	Entry: C:\Users\dell\.p2\pool\plugins\org.eclipse.m2e.maven.runtime_3.9.900.20250220-2013\jars\plexus-component-annotations-2.1.0.jar
2026-02-02 10:11:48,385 [Worker-44: Launching mavenrun-bb533c24-cbc2-4964-a9f4-28cab7b7ef83] INFO  o.eclipse.m2e.core.internal.Bundles - 	Entry: C:\Users\dell\.p2\pool\plugins\org.eclipse.m2e.maven.runtime_3.9.900.20250220-2013\jars\plexus-interpolation-1.27.jar
2026-02-02 10:11:48,385 [Worker-44: Launching mavenrun-bb533c24-cbc2-4964-a9f4-28cab7b7ef83] INFO  o.eclipse.m2e.core.internal.Bundles - 	Entry: C:\Users\dell\.p2\pool\plugins\org.eclipse.m2e.maven.runtime_3.9.900.20250220-2013\jars\plexus-sec-dispatcher-2.0.jar
2026-02-02 10:11:48,386 [Worker-44: Launching mavenrun-bb533c24-cbc2-4964-a9f4-28cab7b7ef83] INFO  o.eclipse.m2e.core.internal.Bundles - 	Entry: C:\Users\dell\.p2\pool\plugins\org.eclipse.m2e.maven.runtime_3.9.900.20250220-2013\jars\plexus-utils-3.5.1.jar
2026-02-02 10:11:48,386 [Worker-44: Launching mavenrun-bb533c24-cbc2-4964-a9f4-28cab7b7ef83] INFO  o.eclipse.m2e.core.internal.Bundles - 	Entry: C:\Users\dell\.p2\pool\plugins\org.eclipse.m2e.maven.runtime_3.9.900.20250220-2013\jars\plexus-xml-3.0.1.jar
2026-02-02 10:11:48,386 [Worker-44: Launching mavenrun-bb533c24-cbc2-4964-a9f4-28cab7b7ef83] INFO  o.eclipse.m2e.core.internal.Bundles - 	Entry: C:\Users\dell\.p2\pool\plugins\org.eclipse.m2e.maven.runtime_3.9.900.20250220-2013\jars\wagon-file-3.5.3.jar
2026-02-02 10:11:48,386 [Worker-44: Launching mavenrun-bb533c24-cbc2-4964-a9f4-28cab7b7ef83] INFO  o.eclipse.m2e.core.internal.Bundles - 	Entry: C:\Users\dell\.p2\pool\plugins\org.eclipse.m2e.maven.runtime_3.9.900.20250220-2013\jars\wagon-http-3.5.3.jar
2026-02-02 10:11:48,386 [Worker-44: Launching mavenrun-bb533c24-cbc2-4964-a9f4-28cab7b7ef83] INFO  o.eclipse.m2e.core.internal.Bundles - 	Entry: C:\Users\dell\.p2\pool\plugins\org.eclipse.m2e.maven.runtime_3.9.900.20250220-2013\jars\wagon-http-shared-3.5.3.jar
2026-02-02 10:11:48,387 [Worker-44: Launching mavenrun-bb533c24-cbc2-4964-a9f4-28cab7b7ef83] INFO  o.eclipse.m2e.core.internal.Bundles - 	Entry: C:\Users\dell\.p2\pool\plugins\org.eclipse.m2e.maven.runtime_3.9.900.20250220-2013\jars\wagon-provider-api-3.5.3.jar
2026-02-02 10:11:48,387 [Worker-44: Launching mavenrun-bb533c24-cbc2-4964-a9f4-28cab7b7ef83] INFO  o.eclipse.m2e.core.internal.Bundles - getClasspathEntries(Bundle=com.google.guava_33.4.0.jre [16])
2026-02-02 10:11:48,388 [Worker-44: Launching mavenrun-bb533c24-cbc2-4964-a9f4-28cab7b7ef83] INFO  o.eclipse.m2e.core.internal.Bundles - 	Entry: C:\Users\dell\.p2\pool\plugins\com.google.guava_33.4.0.jre.jar
2026-02-02 10:11:48,388 [Worker-44: Launching mavenrun-bb533c24-cbc2-4964-a9f4-28cab7b7ef83] INFO  o.eclipse.m2e.core.internal.Bundles - getClasspathEntries(Bundle=slf4j.api_2.0.17 [1001])
2026-02-02 10:11:48,388 [Worker-44: Launching mavenrun-bb533c24-cbc2-4964-a9f4-28cab7b7ef83] INFO  o.eclipse.m2e.core.internal.Bundles - 	Entry: C:\Users\dell\.p2\pool\plugins\slf4j.api_2.0.17.jar
2026-02-02 10:11:48,388 [Worker-44: Launching mavenrun-bb533c24-cbc2-4964-a9f4-28cab7b7ef83] INFO  o.eclipse.m2e.core.internal.Bundles - getClasspathEntries(Bundle=javax.inject_1.0.0.v20220405-0441 [1010])
2026-02-02 10:11:48,389 [Worker-44: Launching mavenrun-bb533c24-cbc2-4964-a9f4-28cab7b7ef83] INFO  o.eclipse.m2e.core.internal.Bundles - 	Entry: C:\Users\dell\.p2\pool\plugins\javax.inject_1.0.0.v20220405-0441.jar
2026-02-02 10:11:48,389 [Worker-44: Launching mavenrun-bb533c24-cbc2-4964-a9f4-28cab7b7ef83] INFO  o.eclipse.m2e.core.internal.Bundles - getClasspathEntries(Bundle=javax.annotation_1.3.5.v20230504-0748 [1009])
2026-02-02 10:11:48,389 [Worker-44: Launching mavenrun-bb533c24-cbc2-4964-a9f4-28cab7b7ef83] INFO  o.eclipse.m2e.core.internal.Bundles - 	Entry: C:\Users\dell\.p2\pool\plugins\javax.annotation_1.3.5.v20230504-0748.jar
2026-02-02 10:11:48,389 [Worker-44: Launching mavenrun-bb533c24-cbc2-4964-a9f4-28cab7b7ef83] INFO  o.eclipse.m2e.core.internal.Bundles - getClasspathEntries(Bundle=org.apache.commons.cli_1.9.0 [74])
2026-02-02 10:11:48,389 [Worker-44: Launching mavenrun-bb533c24-cbc2-4964-a9f4-28cab7b7ef83] INFO  o.eclipse.m2e.core.internal.Bundles - 	Entry: C:\Users\dell\.p2\pool\plugins\org.apache.commons.cli_1.9.0.jar
2026-02-02 10:11:48,389 [Worker-44: Launching mavenrun-bb533c24-cbc2-4964-a9f4-28cab7b7ef83] INFO  o.eclipse.m2e.core.internal.Bundles - getClasspathEntries(Bundle=org.apache.commons.commons-codec_1.16.0 [76])
2026-02-02 10:11:48,390 [Worker-44: Launching mavenrun-bb533c24-cbc2-4964-a9f4-28cab7b7ef83] INFO  o.eclipse.m2e.core.internal.Bundles - 	Entry: C:\Users\dell\.p2\pool\plugins\org.apache.commons.commons-codec_1.16.0.jar
2026-02-02 10:11:48,390 [Worker-44: Launching mavenrun-bb533c24-cbc2-4964-a9f4-28cab7b7ef83] INFO  o.eclipse.m2e.core.internal.Bundles - getClasspathEntries(Bundle=com.google.guava.failureaccess_1.0.2 [17])
2026-02-02 10:11:48,390 [Worker-44: Launching mavenrun-bb533c24-cbc2-4964-a9f4-28cab7b7ef83] INFO  o.eclipse.m2e.core.internal.Bundles - 	Entry: C:\Users\dell\.p2\pool\plugins\com.google.guava.failureaccess_1.0.2.jar
2026-02-02 10:11:48,391 [Worker-44: Launching mavenrun-bb533c24-cbc2-4964-a9f4-28cab7b7ef83] INFO  o.e.m.i.launch.MavenLaunchDelegate - Run build in "C:\Users\dell\AppData\Local\Temp\m2e-archetypeGenerator16043073730952051288":
2026-02-02 10:11:48,391 [Worker-44: Launching mavenrun-bb533c24-cbc2-4964-a9f4-28cab7b7ef83] INFO  o.e.m.i.launch.MavenLaunchDelegate -  mvn  -DarchetypeGroupId=de.bripkens -DarchetypeArtifactId=java-quickstart -DarchetypeVersion=0.2.0 -DgroupId=mphasis -DartifactId=SpringAop4 -Dversion=0.0.1-SNAPSHOT -Dpackage=com.java.aop -DoutputDirectory=D:\Mphasis\aopexamples -B -Dstyle.color=always -U archetype:generate
2026-02-02 10:11:54,228 [Worker-42: Creating java-quickstart] INFO  o.e.m.c.i.p.ProjectConfigurationManager - Collecting project info '/pom.xml' D:\Mphasis\aopexamples\SpringAop4\pom.xml
2026-02-02 10:11:54,313 [Worker-42: Creating java-quickstart] INFO  o.e.m.c.i.l.LifecycleMappingFactory - Using org.eclipse.m2e.jdt.JarLifecycleMapping lifecycle mapping for MavenProject: mphasis:SpringAop4:0.0.1-SNAPSHOT @ D:\Mphasis\aopexamples\SpringAop4\pom.xml.
2026-02-02 10:11:54,600 [Worker-42: Creating java-quickstart] INFO  o.e.m.j.i.AbstractJavaProjectConfigurator - Adding source folder /SpringAop4/src/main/java
2026-02-02 10:11:54,601 [Worker-42: Creating java-quickstart] INFO  o.e.m.j.i.AbstractJavaProjectConfigurator - Adding resource folder /SpringAop4/src/main/resources
2026-02-02 10:11:54,604 [Worker-42: Creating java-quickstart] INFO  o.e.m.j.i.AbstractJavaProjectConfigurator - Adding source folder /SpringAop4/src/test/java
2026-02-02 10:11:54,605 [Worker-42: Creating java-quickstart] INFO  o.e.m.j.i.AbstractJavaProjectConfigurator - Adding resource folder /SpringAop4/src/test/resources
2026-02-02 10:11:54,676 [Worker-42: Creating java-quickstart] INFO  o.e.m.c.i.p.ProjectConfigurationManager - Imported and configured 1 project(s) in 0 sec
2026-02-02 10:11:54,950 [Worker-42: Building] INFO  o.a.m.s.f.DefaultMavenResourcesFiltering - skip non existing resourceDirectory D:\Mphasis\aopexamples\SpringAop4\src\main\resources
2026-02-02 10:11:54,952 [Worker-42: Building] INFO  o.a.m.s.f.DefaultMavenResourcesFiltering - skip non existing resourceDirectory D:\Mphasis\aopexamples\SpringAop4\src\test\resources
2026-02-02 10:12:23,239 [Worker-47: Building] INFO  o.e.m.c.i.l.LifecycleMappingFactory - Using org.eclipse.m2e.jdt.JarLifecycleMapping lifecycle mapping for MavenProject: mphasis:SpringAop4:0.0.1-SNAPSHOT @ D:\Mphasis\aopexamples\SpringAop4\pom.xml.
2026-02-02 10:12:23,270 [Worker-47: Building] WARN  o.e.m.c.i.embedder.EclipseLogger - The artifact aspectj:aspectjrt:jar:1.5.4 has been relocated to org.aspectj:aspectjrt:jar:1.5.4
2026-02-02 10:12:23,327 [Worker-47: Building] INFO  o.a.m.s.f.DefaultMavenResourcesFiltering - skip non existing resourceDirectory D:\Mphasis\aopexamples\SpringAop4\src\main\resources
2026-02-02 10:12:23,329 [Worker-47: Building] INFO  o.a.m.s.f.DefaultMavenResourcesFiltering - skip non existing resourceDirectory D:\Mphasis\aopexamples\SpringAop4\src\test\resources
2026-02-02 10:12:24,553 [Worker-45: Building] INFO  o.a.m.s.f.DefaultMavenResourcesFiltering - skip non existing resourceDirectory D:\Mphasis\aopexamples\SpringAop4\src\main\resources
2026-02-02 10:12:24,555 [Worker-45: Building] INFO  o.a.m.s.f.DefaultMavenResourcesFiltering - skip non existing resourceDirectory D:\Mphasis\aopexamples\SpringAop4\src\test\resources
2026-02-02 10:12:59,442 [Worker-47: Building] INFO  o.a.m.s.f.DefaultMavenResourcesFiltering - skip non existing resourceDirectory D:\Mphasis\aopexamples\SpringAop4\src\main\resources
2026-02-02 10:12:59,443 [Worker-47: Building] INFO  o.a.m.s.f.DefaultMavenResourcesFiltering - skip non existing resourceDirectory D:\Mphasis\aopexamples\SpringAop4\src\test\resources
2026-02-02 10:13:03,479 [Worker-44: Building] INFO  o.a.m.s.f.DefaultMavenResourcesFiltering - skip non existing resourceDirectory D:\Mphasis\aopexamples\SpringAop4\src\main\resources
2026-02-02 10:13:03,481 [Worker-44: Building] INFO  o.a.m.s.f.DefaultMavenResourcesFiltering - skip non existing resourceDirectory D:\Mphasis\aopexamples\SpringAop4\src\test\resources
2026-02-02 10:13:09,405 [Worker-47: Building] INFO  o.a.m.s.f.DefaultMavenResourcesFiltering - skip non existing resourceDirectory D:\Mphasis\aopexamples\SpringAop4\src\main\resources
2026-02-02 10:13:09,406 [Worker-47: Building] INFO  o.a.m.s.f.DefaultMavenResourcesFiltering - skip non existing resourceDirectory D:\Mphasis\aopexamples\SpringAop4\src\test\resources
2026-02-02 10:13:14,008 [Worker-44: Building] INFO  o.a.m.s.f.DefaultMavenResourcesFiltering - skip non existing resourceDirectory D:\Mphasis\aopexamples\SpringAop4\src\main\resources
2026-02-02 10:13:14,011 [Worker-44: Building] INFO  o.a.m.s.f.DefaultMavenResourcesFiltering - skip non existing resourceDirectory D:\Mphasis\aopexamples\SpringAop4\src\test\resources
2026-02-02 10:13:15,263 [Worker-43: Building] INFO  o.a.m.s.f.DefaultMavenResourcesFiltering - skip non existing resourceDirectory D:\Mphasis\aopexamples\SpringAop4\src\main\resources
2026-02-02 10:13:15,264 [Worker-43: Building] INFO  o.a.m.s.f.DefaultMavenResourcesFiltering - skip non existing resourceDirectory D:\Mphasis\aopexamples\SpringAop4\src\test\resources
2026-02-02 10:13:24,410 [Worker-44: Building] INFO  o.a.m.s.f.DefaultMavenResourcesFiltering - skip non existing resourceDirectory D:\Mphasis\aopexamples\SpringAop4\src\main\resources
2026-02-02 10:13:24,412 [Worker-44: Building] INFO  o.a.m.s.f.DefaultMavenResourcesFiltering - skip non existing resourceDirectory D:\Mphasis\aopexamples\SpringAop4\src\test\resources
2026-02-02 10:13:33,332 [Worker-45: Building] INFO  o.a.m.s.f.DefaultMavenResourcesFiltering - skip non existing resourceDirectory D:\Mphasis\aopexamples\SpringAop4\src\main\resources
2026-02-02 10:13:33,334 [Worker-45: Building] INFO  o.a.m.s.f.DefaultMavenResourcesFiltering - skip non existing resourceDirectory D:\Mphasis\aopexamples\SpringAop4\src\test\resources
2026-02-02 10:13:53,029 [Worker-44: Building] INFO  o.a.m.s.f.DefaultMavenResourcesFiltering - skip non existing resourceDirectory D:\Mphasis\aopexamples\SpringAop4\src\main\resources
2026-02-02 10:13:53,030 [Worker-44: Building] INFO  o.a.m.s.f.DefaultMavenResourcesFiltering - skip non existing resourceDirectory D:\Mphasis\aopexamples\SpringAop4\src\test\resources
2026-02-02 10:14:03,155 [Worker-47: Building] INFO  o.a.m.s.f.DefaultMavenResourcesFiltering - skip non existing resourceDirectory D:\Mphasis\aopexamples\SpringAop4\src\main\resources
2026-02-02 10:14:03,157 [Worker-47: Building] INFO  o.a.m.s.f.DefaultMavenResourcesFiltering - skip non existing resourceDirectory D:\Mphasis\aopexamples\SpringAop4\src\test\resources
2026-02-02 10:14:10,104 [Worker-43: Building] INFO  o.a.m.s.f.DefaultMavenResourcesFiltering - skip non existing resourceDirectory D:\Mphasis\aopexamples\SpringAop4\src\main\resources
2026-02-02 10:14:10,107 [Worker-43: Building] INFO  o.a.m.s.f.DefaultMavenResourcesFiltering - skip non existing resourceDirectory D:\Mphasis\aopexamples\SpringAop4\src\test\resources
2026-02-02 10:14:25,327 [Worker-42: Building] INFO  o.a.m.s.f.DefaultMavenResourcesFiltering - skip non existing resourceDirectory D:\Mphasis\aopexamples\SpringAop4\src\main\resources
2026-02-02 10:14:25,329 [Worker-42: Building] INFO  o.a.m.s.f.DefaultMavenResourcesFiltering - skip non existing resourceDirectory D:\Mphasis\aopexamples\SpringAop4\src\test\resources
2026-02-02 10:14:59,780 [Worker-45: Building] INFO  o.a.m.s.f.DefaultMavenResourcesFiltering - skip non existing resourceDirectory D:\Mphasis\aopexamples\SpringAop4\src\main\resources
2026-02-02 10:14:59,783 [Worker-45: Building] INFO  o.a.m.s.f.DefaultMavenResourcesFiltering - skip non existing resourceDirectory D:\Mphasis\aopexamples\SpringAop4\src\test\resources
2026-02-02 10:15:23,094 [Worker-42: Building] INFO  o.a.m.s.f.DefaultMavenResourcesFiltering - skip non existing resourceDirectory D:\Mphasis\aopexamples\SpringAop4\src\main\resources
2026-02-02 10:15:23,096 [Worker-42: Building] INFO  o.a.m.s.f.DefaultMavenResourcesFiltering - skip non existing resourceDirectory D:\Mphasis\aopexamples\SpringAop4\src\test\resources
2026-02-02 10:15:32,503 [Worker-44: Building] INFO  o.a.m.s.f.DefaultMavenResourcesFiltering - skip non existing resourceDirectory D:\Mphasis\aopexamples\SpringAop4\src\main\resources
2026-02-02 10:15:32,505 [Worker-44: Building] INFO  o.a.m.s.f.DefaultMavenResourcesFiltering - skip non existing resourceDirectory D:\Mphasis\aopexamples\SpringAop4\src\test\resources
2026-02-02 10:16:21,029 [Worker-44: Building] INFO  o.a.m.s.f.DefaultMavenResourcesFiltering - skip non existing resourceDirectory D:\Mphasis\aopexamples\SpringAop4\src\main\resources
2026-02-02 10:16:21,031 [Worker-44: Building] INFO  o.a.m.s.f.DefaultMavenResourcesFiltering - skip non existing resourceDirectory D:\Mphasis\aopexamples\SpringAop4\src\test\resources
2026-02-02 10:18:53,171 [Worker-43: Building] INFO  o.a.m.s.f.DefaultMavenResourcesFiltering - skip non existing resourceDirectory D:\Mphasis\aopexamples\SpringAop4\src\main\resources
2026-02-02 10:18:53,172 [Worker-43: Building] INFO  o.a.m.s.f.DefaultMavenResourcesFiltering - skip non existing resourceDirectory D:\Mphasis\aopexamples\SpringAop4\src\test\resources
2026-02-02 10:21:01,960 [Worker-43: Building] INFO  o.a.m.s.f.DefaultMavenResourcesFiltering - skip non existing resourceDirectory D:\Mphasis\aopexamples\SpringAop4\src\main\resources
2026-02-02 10:21:01,961 [Worker-43: Building] INFO  o.a.m.s.f.DefaultMavenResourcesFiltering - skip non existing resourceDirectory D:\Mphasis\aopexamples\SpringAop4\src\test\resources
2026-02-02 10:21:16,661 [Worker-43: Building] INFO  o.a.m.s.f.DefaultMavenResourcesFiltering - skip non existing resourceDirectory D:\Mphasis\aopexamples\SpringAop4\src\main\resources
2026-02-02 10:21:16,663 [Worker-43: Building] INFO  o.a.m.s.f.DefaultMavenResourcesFiltering - skip non existing resourceDirectory D:\Mphasis\aopexamples\SpringAop4\src\test\resources
2026-02-02 10:21:43,673 [Worker-43: Building] INFO  o.a.m.s.f.DefaultMavenResourcesFiltering - skip non existing resourceDirectory D:\Mphasis\aopexamples\SpringAop4\src\main\resources
2026-02-02 10:21:43,675 [Worker-43: Building] INFO  o.a.m.s.f.DefaultMavenResourcesFiltering - skip non existing resourceDirectory D:\Mphasis\aopexamples\SpringAop4\src\test\resources
2026-02-02 10:22:04,557 [Worker-46: Building] INFO  o.a.m.s.f.DefaultMavenResourcesFiltering - skip non existing resourceDirectory D:\Mphasis\aopexamples\SpringAop4\src\main\resources
2026-02-02 10:22:04,559 [Worker-46: Building] INFO  o.a.m.s.f.DefaultMavenResourcesFiltering - skip non existing resourceDirectory D:\Mphasis\aopexamples\SpringAop4\src\test\resources
2026-02-02 10:23:11,183 [Worker-44: Building] INFO  o.a.m.s.f.DefaultMavenResourcesFiltering - skip non existing resourceDirectory D:\Mphasis\aopexamples\SpringAop4\src\main\resources
2026-02-02 10:23:11,185 [Worker-44: Building] INFO  o.a.m.s.f.DefaultMavenResourcesFiltering - skip non existing resourceDirectory D:\Mphasis\aopexamples\SpringAop4\src\test\resources
2026-02-02 10:25:03,610 [Worker-45: Building] INFO  o.a.m.s.f.DefaultMavenResourcesFiltering - skip non existing resourceDirectory D:\Mphasis\aopexamples\SpringAop4\src\main\resources
2026-02-02 10:25:03,611 [Worker-45: Building] INFO  o.a.m.s.f.DefaultMavenResourcesFiltering - skip non existing resourceDirectory D:\Mphasis\aopexamples\SpringAop4\src\test\resources
2026-02-02 10:29:02,528 [Worker-49: Building] INFO  o.a.m.s.f.DefaultMavenResourcesFiltering - skip non existing resourceDirectory D:\Mphasis\aopexamples\SpringAop4\src\main\resources
2026-02-02 10:29:02,529 [Worker-49: Building] INFO  o.a.m.s.f.DefaultMavenResourcesFiltering - skip non existing resourceDirectory D:\Mphasis\aopexamples\SpringAop4\src\test\resources
2026-02-02 10:31:27,595 [Worker-51: Building] INFO  o.a.m.s.f.DefaultMavenResourcesFiltering - skip non existing resourceDirectory D:\Mphasis\aopexamples\SpringAop4\src\main\resources
2026-02-02 10:31:27,597 [Worker-51: Building] INFO  o.a.m.s.f.DefaultMavenResourcesFiltering - skip non existing resourceDirectory D:\Mphasis\aopexamples\SpringAop4\src\test\resources
2026-02-02 10:31:29,726 [Worker-49: Building] INFO  o.a.m.s.f.DefaultMavenResourcesFiltering - skip non existing resourceDirectory D:\Mphasis\aopexamples\SpringAop4\src\main\resources
2026-02-02 10:31:29,728 [Worker-49: Building] INFO  o.a.m.s.f.DefaultMavenResourcesFiltering - skip non existing resourceDirectory D:\Mphasis\aopexamples\SpringAop4\src\test\resources
2026-02-02 15:42:32,269 [Worker-5: Loading available Gradle versions] INFO  o.e.b.c.i.u.g.PublishedGradleVersions - Gradle version information cache is up-to-date. Trying to read.
2026-02-03 10:24:26,182 [Worker-2: Loading available Gradle versions] INFO  o.e.b.c.i.u.g.PublishedGradleVersions - Gradle version information cache is out-of-date. Trying to update.
